Using pre-set license
Built from '2022.3/release' branch; Version is '2022.3.5f1 (9674261d40ee) revision 9860134'; Using compiler version '192829333'; Build Type 'Release'
OS: 'Windows 11  (10.0.22621) 64bit Core' Language: 'en' Physical Memory: 16021 MB
BatchMode: 1, IsHumanControllingUs: 0, StartBugReporterOnCrash: 0, Is64bit: 1, IsPro: 1

COMMAND LINE ARGUMENTS:
E:\Unity\2022.3.5f1\Editor\Unity.exe
-adb2
-batchMode
-noUpm
-name
AssetImportWorker2
-projectPath
E:/Unity/Projects/Toy-Defenders-RGJ23
-logFile
Logs/AssetImportWorker2.log
-srvPort
52270
Successfully changed project path to: E:/Unity/Projects/Toy-Defenders-RGJ23
E:/Unity/Projects/Toy-Defenders-RGJ23
[UnityMemory] Configuration Parameters - Can be set up in boot.config
    "memorysetup-bucket-allocator-granularity=16"
    "memorysetup-bucket-allocator-bucket-count=8"
    "memorysetup-bucket-allocator-block-size=33554432"
    "memorysetup-bucket-allocator-block-count=8"
    "memorysetup-main-allocator-block-size=16777216"
    "memorysetup-thread-allocator-block-size=16777216"
    "memorysetup-gfx-main-allocator-block-size=16777216"
    "memorysetup-gfx-thread-allocator-block-size=16777216"
    "memorysetup-cache-allocator-block-size=4194304"
    "memorysetup-typetree-allocator-block-size=2097152"
    "memorysetup-profiler-bucket-allocator-granularity=16"
    "memorysetup-profiler-bucket-allocator-bucket-count=8"
    "memorysetup-profiler-bucket-allocator-block-size=33554432"
    "memorysetup-profiler-bucket-allocator-block-count=8"
    "memorysetup-profiler-allocator-block-size=16777216"
    "memorysetup-profiler-editor-allocator-block-size=1048576"
    "memorysetup-temp-allocator-size-main=16777216"
    "memorysetup-job-temp-allocator-block-size=2097152"
    "memorysetup-job-temp-allocator-block-size-background=1048576"
    "memorysetup-job-temp-allocator-reduction-small-platforms=262144"
    "memorysetup-allocator-temp-initial-block-size-main=262144"
    "memorysetup-allocator-temp-initial-block-size-worker=262144"
    "memorysetup-temp-allocator-size-background-worker=32768"
    "memorysetup-temp-allocator-size-job-worker=262144"
    "memorysetup-temp-allocator-size-preload-manager=33554432"
    "memorysetup-temp-allocator-size-nav-mesh-worker=65536"
    "memorysetup-temp-allocator-size-audio-worker=65536"
    "memorysetup-temp-allocator-size-cloud-worker=32768"
    "memorysetup-temp-allocator-size-gi-baking-worker=262144"
    "memorysetup-temp-allocator-size-gfx=262144"
Player connection [15656] Host "[IP] 192.168.0.115 [Port] 0 [Flags] 2 [Guid] 1361506707 [EditorId] 1361506707 [Version] 1048832 [Id] WindowsEditor(7,VICTUS) [Debug] 1 [PackageName] WindowsEditor [ProjectName] Editor" joined multi-casting on [225.0.0.222:54997]...

Player connection [15656] Host "[IP] 192.168.0.115 [Port] 0 [Flags] 2 [Guid] 1361506707 [EditorId] 1361506707 [Version] 1048832 [Id] WindowsEditor(7,VICTUS) [Debug] 1 [PackageName] WindowsEditor [ProjectName] Editor" joined alternative multi-casting on [225.0.0.222:34997]...

Refreshing native plugins compatible for Editor in 6.75 ms, found 3 plugins.
Preloading 0 native plugins for Editor in 0.00 ms.
Initialize engine version: 2022.3.5f1 (9674261d40ee)
[Subsystems] Discovering subsystems at path E:/Unity/2022.3.5f1/Editor/Data/Resources/UnitySubsystems
[Subsystems] Discovering subsystems at path E:/Unity/Projects/Toy-Defenders-RGJ23/Assets
GfxDevice: creating device client; threaded=0; jobified=0
Direct3D:
    Version:  Direct3D 11.0 [level 11.1]
    Renderer: NVIDIA GeForce RTX 3050 Laptop GPU (ID=0x25a2)
    Vendor:   NVIDIA
    VRAM:     3977 MB
    Driver:   31.0.15.2756
Initialize mono
Mono path[0] = 'E:/Unity/2022.3.5f1/Editor/Data/Managed'
Mono path[1] = 'E:/Unity/2022.3.5f1/Editor/Data/MonoBleedingEdge/lib/mono/unityjit-win32'
Mono config path = 'E:/Unity/2022.3.5f1/Editor/Data/MonoBleedingEdge/etc'
Using monoOptions --debugger-agent=transport=dt_socket,embedding=1,server=y,suspend=n,address=127.0.0.1:56720
Begin MonoManager ReloadAssembly
Registering precompiled unity dll's ...
Register platform support module: E:/Unity/2022.3.5f1/Editor/Data/PlaybackEngines/WebGLSupport/UnityEditor.WebGL.Extensions.dll
Register platform support module: E:/Unity/2022.3.5f1/Editor/Data/PlaybackEngines/AndroidPlayer/UnityEditor.Android.Extensions.dll
Register platform support module: E:/Unity/2022.3.5f1/Editor/Data/PlaybackEngines/WindowsStandaloneSupport/UnityEditor.WindowsStandalone.Extensions.dll
Registered in 0.003622 seconds.
- Loaded All Assemblies, in  0.248 seconds
Native extension for WindowsStandalone target not found
Native extension for Android target not found
Android Extension - Scanning For ADB Devices 196 ms
Native extension for WebGL target not found
Mono: successfully reloaded assembly
- Finished resetting the current domain, in  0.446 seconds
Domain Reload Profiling: 694ms
	BeginReloadAssembly (72ms)
		ExecutionOrderSort (0ms)
		DisableScriptedObjects (0ms)
		BackupInstance (0ms)
		ReleaseScriptingObjects (0ms)
		CreateAndSetChildDomain (1ms)
	RebuildCommonClasses (25ms)
	RebuildNativeTypeToScriptingClass (8ms)
	initialDomainReloadingComplete (37ms)
	LoadAllAssembliesAndSetupDomain (105ms)
		LoadAssemblies (72ms)
		RebuildTransferFunctionScriptingTraits (0ms)
		AnalyzeDomain (103ms)
			TypeCache.Refresh (102ms)
				TypeCache.ScanAssembly (93ms)
			ScanForSourceGeneratedMonoScriptInfo (0ms)
			ResolveRequiredComponents (0ms)
	FinalizeReload (446ms)
		ReleaseScriptCaches (0ms)
		RebuildScriptCaches (0ms)
		SetupLoadedEditorAssemblies (403ms)
			LogAssemblyErrors (0ms)
			InitializePlatformSupportModulesInManaged (282ms)
			SetLoadedEditorAssemblies (3ms)
			RefreshPlugins (0ms)
			BeforeProcessingInitializeOnLoad (2ms)
			ProcessInitializeOnLoadAttributes (81ms)
			ProcessInitializeOnLoadMethodAttributes (34ms)
			AfterProcessingInitializeOnLoad (0ms)
			EditorAssembliesLoaded (0ms)
		ExecutionOrderSort2 (0ms)
		AwakeInstancesAfterBackupRestoration (0ms)
========================================================================
Worker process is ready to serve import requests
Begin MonoManager ReloadAssembly
Symbol file LoadedFromMemory doesn't match image E:\Unity\Projects\Toy-Defenders-RGJ23\Library\PackageCache\com.unity.visualscripting@1.8.0\Editor\VisualScripting.Core\Dependencies\YamlDotNet\Unity.VisualScripting.YamlDotNet.dll
Symbol file LoadedFromMemory doesn't match image E:\Unity\Projects\Toy-Defenders-RGJ23\Library\PackageCache\com.unity.visualscripting@1.8.0\Editor\VisualScripting.Core\Dependencies\DotNetZip\Unity.VisualScripting.IonicZip.dll
- Loaded All Assemblies, in  0.586 seconds
Refreshing native plugins compatible for Editor in 3.63 ms, found 3 plugins.
Native extension for WindowsStandalone target not found
Native extension for Android target not found
Native extension for WebGL target not found
Mono: successfully reloaded assembly
Package Manager log level set to [2]
[Package Manager] Server::EnsureServerProcessIsRunning -- launch failed, reason: Unity was launched with the -noUpm command-line argument
[Package Manager] UpmClient::Send -- Unable to send message (not connected to UPM process).
[Package Manager] Cannot connect to Unity Package Manager local server
[Package Manager] Server::EnsureServerProcessIsRunning -- launch failed, reason: Unity was launched with the -noUpm command-line argument
[Package Manager] UpmClient::Send -- Unable to send message (not connected to UPM process).
[Package Manager] Cannot connect to Unity Package Manager local server
- Finished resetting the current domain, in  0.370 seconds
Domain Reload Profiling: 956ms
	BeginReloadAssembly (118ms)
		ExecutionOrderSort (0ms)
		DisableScriptedObjects (4ms)
		BackupInstance (0ms)
		ReleaseScriptingObjects (0ms)
		CreateAndSetChildDomain (22ms)
	RebuildCommonClasses (26ms)
	RebuildNativeTypeToScriptingClass (9ms)
	initialDomainReloadingComplete (31ms)
	LoadAllAssembliesAndSetupDomain (402ms)
		LoadAssemblies (239ms)
		RebuildTransferFunctionScriptingTraits (0ms)
		AnalyzeDomain (220ms)
			TypeCache.Refresh (205ms)
				TypeCache.ScanAssembly (195ms)
			ScanForSourceGeneratedMonoScriptInfo (12ms)
			ResolveRequiredComponents (3ms)
	FinalizeReload (370ms)
		ReleaseScriptCaches (0ms)
		RebuildScriptCaches (0ms)
		SetupLoadedEditorAssemblies (252ms)
			LogAssemblyErrors (0ms)
			InitializePlatformSupportModulesInManaged (17ms)
			SetLoadedEditorAssemblies (4ms)
			RefreshPlugins (0ms)
			BeforeProcessingInitializeOnLoad (43ms)
			ProcessInitializeOnLoadAttributes (174ms)
			ProcessInitializeOnLoadMethodAttributes (13ms)
			AfterProcessingInitializeOnLoad (1ms)
			EditorAssembliesLoaded (0ms)
		ExecutionOrderSort2 (0ms)
		AwakeInstancesAfterBackupRestoration (4ms)
Launched and connected shader compiler UnityShaderCompiler.exe after 0.03 seconds
Refreshing native plugins compatible for Editor in 4.12 ms, found 3 plugins.
Preloading 0 native plugins for Editor in 0.00 ms.
Unloading 3174 Unused Serialized files (Serialized files now loaded: 0)
Unloading 45 unused Assets / (63.5 KB). Loaded Objects now: 3627.
Memory consumption went from 124.1 MB to 124.1 MB.
Total: 2.782100 ms (FindLiveObjects: 0.188100 ms CreateObjectMapping: 0.076400 ms MarkObjects: 2.422300 ms  DeleteObjects: 0.094300 ms)

AssetImportParameters requested are different than current active one (requested -> active):
  custom:container-demuxer-ogg: 62fdf1f143b41e24485cea50d1cbac27 -> 
  custom:video-codec-MediaFoundation-h265: 746d11721c4dcdbdad8f713fa42b33f4 -> 
  custom:video-decoder-ogg-theora: a1e56fd34408186e4bbccfd4996cb3dc -> 
  custom:framework-win-MediaFoundation: 216162199b28c13a410421893ffa2e32 -> 
  custom:CustomObjectIndexerAttribute: 756ad292c208cfabdd7b50bc23989ffe -> 
  custom:container-demuxer-webm: 4f35f7cbe854078d1ac9338744f61a02 -> 
  custom:container-muxer-webm: aa71ff27fc2769a1b78a27578f13a17b -> 
  custom:video-decoder-webm-vp8: 9c59270c3fd7afecdb556c50c9e8de78 -> 
  custom:AudioImporter_EditorPlatform: d09bf68614088b80899f8185d706f6e7 -> 
  custom:video-encoder-webm-vp8: eb34c28f22e8b96e1ab97ce403110664 -> 
  custom:audio-decoder-ogg-vorbis: bf7c407c2cedff20999df2af8eb42d56 -> 
  custom:audio-encoder-webm-vorbis: bf7c407c2cedff20999df2af8eb42d56 -> 
========================================================================
Received Import Request.
  Time since last request: 6542.828681 seconds.
  path: Assets/Low Poly Furniture/Prefabs/Bed/Single Bed.prefab
  artifactKey: Guid(1189904b73d88054fa88fa5c364c51f3) Importer(815301076,1909f56bfc062723c751e8b465ee728b)
Start importing Assets/Low Poly Furniture/Prefabs/Bed/Single Bed.prefab using Guid(1189904b73d88054fa88fa5c364c51f3) Importer(815301076,1909f56bfc062723c751e8b465ee728b)  -> (artifact id: 'feb8fe564f7a44d03e069e5bcb16afda') in 0.085515 seconds
Number of updated asset objects reloaded before import = 0
Number of asset objects unloaded after import = 25
========================================================================
Received Import Request.
  Time since last request: 1.527576 seconds.
  path: Assets/Low Poly Furniture/Prefabs/Book
  artifactKey: Guid(23f84985f98714948a51dc0912cc6281) Importer(815301076,1909f56bfc062723c751e8b465ee728b)
Start importing Assets/Low Poly Furniture/Prefabs/Book using Guid(23f84985f98714948a51dc0912cc6281) Importer(815301076,1909f56bfc062723c751e8b465ee728b)  -> (artifact id: '07b175aab9a1004e890de92f83ea1dd3') in 0.001561 seconds
Number of updated asset objects reloaded before import = 0
Number of asset objects unloaded after import = 0
========================================================================
Received Import Request.
  Time since last request: 0.074698 seconds.
  path: Assets/Low Poly Furniture/Prefabs/Book/Black Book.prefab
  artifactKey: Guid(9e604626216d36b4bb52967cf3b88713) Importer(815301076,1909f56bfc062723c751e8b465ee728b)
Start importing Assets/Low Poly Furniture/Prefabs/Book/Black Book.prefab using Guid(9e604626216d36b4bb52967cf3b88713) Importer(815301076,1909f56bfc062723c751e8b465ee728b)  -> (artifact id: '86b5cb506975a4f9467148fa01f8f678') in 0.018517 seconds
Number of updated asset objects reloaded before import = 0
Number of asset objects unloaded after import = 15
========================================================================
Received Import Request.
  Time since last request: 0.000019 seconds.
  path: Assets/Low Poly Furniture/Prefabs/Book/Purple Book.prefab
  artifactKey: Guid(2bd5455a29123e64287c30781ba4c46b) Importer(815301076,1909f56bfc062723c751e8b465ee728b)
Start importing Assets/Low Poly Furniture/Prefabs/Book/Purple Book.prefab using Guid(2bd5455a29123e64287c30781ba4c46b) Importer(815301076,1909f56bfc062723c751e8b465ee728b)  -> (artifact id: 'ae3f2780bdb3ea8061205b7aad9a7995') in 0.020341 seconds
Number of updated asset objects reloaded before import = 0
Number of asset objects unloaded after import = 15
========================================================================
Received Import Request.
  Time since last request: 2.043604 seconds.
  path: Assets/Low Poly Furniture/Prefabs/Bookshelf
  artifactKey: Guid(3c6c0a32bebcd324fa8840e35eb31f10) Importer(815301076,1909f56bfc062723c751e8b465ee728b)
Start importing Assets/Low Poly Furniture/Prefabs/Bookshelf using Guid(3c6c0a32bebcd324fa8840e35eb31f10) Importer(815301076,1909f56bfc062723c751e8b465ee728b)  -> (artifact id: '44acf194470195049f19d0473bc44300') in 0.000629 seconds
Number of updated asset objects reloaded before import = 0
Number of asset objects unloaded after import = 0
========================================================================
Received Import Request.
  Time since last request: 0.059254 seconds.
  path: Assets/Low Poly Furniture/Prefabs/Bookshelf/L-Shaped Bookshelf.prefab
  artifactKey: Guid(12fd54e30b8132746a81622b56e2c962) Importer(815301076,1909f56bfc062723c751e8b465ee728b)
Start importing Assets/Low Poly Furniture/Prefabs/Bookshelf/L-Shaped Bookshelf.prefab using Guid(12fd54e30b8132746a81622b56e2c962) Importer(815301076,1909f56bfc062723c751e8b465ee728b)  -> (artifact id: '3f14fd3a8c06f08b113ccb1136a35a63') in 0.020795 seconds
Number of updated asset objects reloaded before import = 0
Number of asset objects unloaded after import = 15
========================================================================
Received Import Request.
  Time since last request: 0.000026 seconds.
  path: Assets/Low Poly Furniture/Prefabs/Bookshelf/Wall Bookshelf Small.prefab
  artifactKey: Guid(70c65ab571624df4786d8004c0a570c2) Importer(815301076,1909f56bfc062723c751e8b465ee728b)
Start importing Assets/Low Poly Furniture/Prefabs/Bookshelf/Wall Bookshelf Small.prefab using Guid(70c65ab571624df4786d8004c0a570c2) Importer(815301076,1909f56bfc062723c751e8b465ee728b)  -> (artifact id: 'b3b468ae7e585f0a218529d9e7611b56') in 0.018261 seconds
Number of updated asset objects reloaded before import = 0
Number of asset objects unloaded after import = 15
========================================================================
Received Import Request.
  Time since last request: 1.962080 seconds.
  path: Assets/Low Poly Furniture/Prefabs/Case
  artifactKey: Guid(40a8cb5140947024584ed28e2fe5f871) Importer(815301076,1909f56bfc062723c751e8b465ee728b)
Start importing Assets/Low Poly Furniture/Prefabs/Case using Guid(40a8cb5140947024584ed28e2fe5f871) Importer(815301076,1909f56bfc062723c751e8b465ee728b)  -> (artifact id: 'c6ffe0ab81f06183339185ade6040d66') in 0.001473 seconds
Number of updated asset objects reloaded before import = 0
Number of asset objects unloaded after import = 0
========================================================================
Received Import Request.
  Time since last request: 0.074036 seconds.
  path: Assets/Low Poly Furniture/Prefabs/Case/Dark Case.prefab
  artifactKey: Guid(39082e1a4c9dd8d4f9eb27b338daa3a7) Importer(815301076,1909f56bfc062723c751e8b465ee728b)
Start importing Assets/Low Poly Furniture/Prefabs/Case/Dark Case.prefab using Guid(39082e1a4c9dd8d4f9eb27b338daa3a7) Importer(815301076,1909f56bfc062723c751e8b465ee728b)  -> (artifact id: 'f1ab0b681d8011c5487252635efd1b1e') in 0.020885 seconds
Number of updated asset objects reloaded before import = 0
Number of asset objects unloaded after import = 15
========================================================================
Received Import Request.
  Time since last request: 3.726564 seconds.
  path: Assets/Low Poly Furniture/Prefabs/Couch
  artifactKey: Guid(f144bf2838651f7449dcd12eb1506e51) Importer(815301076,1909f56bfc062723c751e8b465ee728b)
Start importing Assets/Low Poly Furniture/Prefabs/Couch using Guid(f144bf2838651f7449dcd12eb1506e51) Importer(815301076,1909f56bfc062723c751e8b465ee728b)  -> (artifact id: '67ddd69018cb47d89e39c6b77be07ead') in 0.001466 seconds
Number of updated asset objects reloaded before import = 0
Number of asset objects unloaded after import = 0
========================================================================
Received Import Request.
  Time since last request: 0.049610 seconds.
  path: Assets/Low Poly Furniture/Prefabs/Couch/Couch.prefab
  artifactKey: Guid(5c1b01bd0f7d5ab4b82f4611868cfcaf) Importer(815301076,1909f56bfc062723c751e8b465ee728b)
Start importing Assets/Low Poly Furniture/Prefabs/Couch/Couch.prefab using Guid(5c1b01bd0f7d5ab4b82f4611868cfcaf) Importer(815301076,1909f56bfc062723c751e8b465ee728b)  -> (artifact id: 'a2bb545c282d0367d0f9094f5f004b4c') in 0.021211 seconds
Number of updated asset objects reloaded before import = 0
Number of asset objects unloaded after import = 15
========================================================================
Received Import Request.
  Time since last request: 1.648872 seconds.
  path: Assets/Low Poly Furniture/Prefabs/Flower
  artifactKey: Guid(2ed222fbfd496cc4a8ef84392b172f71) Importer(815301076,1909f56bfc062723c751e8b465ee728b)
Start importing Assets/Low Poly Furniture/Prefabs/Flower using Guid(2ed222fbfd496cc4a8ef84392b172f71) Importer(815301076,1909f56bfc062723c751e8b465ee728b)  -> (artifact id: '32dd40a7bdd052b6f95211d760ea075b') in 0.000518 seconds
Number of updated asset objects reloaded before import = 0
Number of asset objects unloaded after import = 0
========================================================================
Received Import Request.
  Time since last request: 0.055224 seconds.
  path: Assets/Low Poly Furniture/Prefabs/Flower/Blue Flower.prefab
  artifactKey: Guid(519d9508d15314641a87cd2f280cf85c) Importer(815301076,1909f56bfc062723c751e8b465ee728b)
Start importing Assets/Low Poly Furniture/Prefabs/Flower/Blue Flower.prefab using Guid(519d9508d15314641a87cd2f280cf85c) Importer(815301076,1909f56bfc062723c751e8b465ee728b)  -> (artifact id: 'b99d3e3aeae44ddf352b930e93ea5171') in 0.018385 seconds
Number of updated asset objects reloaded before import = 0
Number of asset objects unloaded after import = 15
========================================================================
Received Import Request.
  Time since last request: 0.000018 seconds.
  path: Assets/Low Poly Furniture/Prefabs/Flower/Triple Cactus.prefab
  artifactKey: Guid(a8544713cc514154098de947da0bb241) Importer(815301076,1909f56bfc062723c751e8b465ee728b)
Start importing Assets/Low Poly Furniture/Prefabs/Flower/Triple Cactus.prefab using Guid(a8544713cc514154098de947da0bb241) Importer(815301076,1909f56bfc062723c751e8b465ee728b)  -> (artifact id: '25fcdd473c202ba26ccf7ebd4716b9ef') in 0.022535 seconds
Number of updated asset objects reloaded before import = 0
Number of asset objects unloaded after import = 15
========================================================================
Received Import Request.
  Time since last request: 1.968619 seconds.
  path: Assets/Low Poly Furniture/Prefabs/Keyboard
  artifactKey: Guid(551249aba3a8f794b8d9659357dd3753) Importer(815301076,1909f56bfc062723c751e8b465ee728b)
Start importing Assets/Low Poly Furniture/Prefabs/Keyboard using Guid(551249aba3a8f794b8d9659357dd3753) Importer(815301076,1909f56bfc062723c751e8b465ee728b)  -> (artifact id: '15243de7d259a6e41d2b5ecc489ab648') in 0.000669 seconds
Number of updated asset objects reloaded before import = 0
Number of asset objects unloaded after import = 0
========================================================================
Received Import Request.
  Time since last request: 3.512966 seconds.
  path: Assets/Low Poly Furniture/Prefabs/Mouse
  artifactKey: Guid(fd0508c1b00f58b41a4bb46b01ad21e2) Importer(815301076,1909f56bfc062723c751e8b465ee728b)
Start importing Assets/Low Poly Furniture/Prefabs/Mouse using Guid(fd0508c1b00f58b41a4bb46b01ad21e2) Importer(815301076,1909f56bfc062723c751e8b465ee728b)  -> (artifact id: 'c20e9fdc63b2395eaadc754799a8dcfc') in 0.000454 seconds
Number of updated asset objects reloaded before import = 0
Number of asset objects unloaded after import = 0
========================================================================
Received Import Request.
  Time since last request: 2.125634 seconds.
  path: Assets/Low Poly Furniture/Prefabs/Nightstand
  artifactKey: Guid(4f9c4846fcf3d2543bd24aaa2d96e542) Importer(815301076,1909f56bfc062723c751e8b465ee728b)
Start importing Assets/Low Poly Furniture/Prefabs/Nightstand using Guid(4f9c4846fcf3d2543bd24aaa2d96e542) Importer(815301076,1909f56bfc062723c751e8b465ee728b)  -> (artifact id: '4a6278af15f1e9210a0952500b3ccda8') in 0.001343 seconds
Number of updated asset objects reloaded before import = 0
Number of asset objects unloaded after import = 0
========================================================================
Received Import Request.
  Time since last request: 0.041663 seconds.
  path: Assets/Low Poly Furniture/Prefabs/Nightstand/Nightstand.prefab
  artifactKey: Guid(08cb072512500c3479d2f37b12d4d825) Importer(815301076,1909f56bfc062723c751e8b465ee728b)
Start importing Assets/Low Poly Furniture/Prefabs/Nightstand/Nightstand.prefab using Guid(08cb072512500c3479d2f37b12d4d825) Importer(815301076,1909f56bfc062723c751e8b465ee728b)  -> (artifact id: '3ff56ed7a8e322b5e7f98fb41d847a51') in 0.019597 seconds
Number of updated asset objects reloaded before import = 0
Number of asset objects unloaded after import = 15
========================================================================
Received Import Request.
  Time since last request: 242.581680 seconds.
  path: Assets/Low Poly Furniture/Prefabs/Wardrobe/Standart Wardrobe.prefab
  artifactKey: Guid(945d4f9099e1e9044897b000007b6a91) Importer(815301076,1909f56bfc062723c751e8b465ee728b)
Start importing Assets/Low Poly Furniture/Prefabs/Wardrobe/Standart Wardrobe.prefab using Guid(945d4f9099e1e9044897b000007b6a91) Importer(815301076,1909f56bfc062723c751e8b465ee728b)  -> (artifact id: '3435661828a59ab7db36a1267859eb2e') in 0.022325 seconds
Number of updated asset objects reloaded before import = 0
Number of asset objects unloaded after import = 15
========================================================================
Received Import Request.
  Time since last request: 2.384894 seconds.
  path: Assets/Low Poly Furniture/Prefabs/Vase/Blue Vase.prefab
  artifactKey: Guid(134227e2bfcd30b4aad974d008a937a0) Importer(815301076,1909f56bfc062723c751e8b465ee728b)
Start importing Assets/Low Poly Furniture/Prefabs/Vase/Blue Vase.prefab using Guid(134227e2bfcd30b4aad974d008a937a0) Importer(815301076,1909f56bfc062723c751e8b465ee728b)  -> (artifact id: '2e4b4119acb2ffc1154c7c5f22d003ea') in 0.015826 seconds
Number of updated asset objects reloaded before import = 0
Number of asset objects unloaded after import = 15
========================================================================
Received Import Request.
  Time since last request: 0.000022 seconds.
  path: Assets/Low Poly Furniture/Prefabs/Vase/Yellow Vase.prefab
  artifactKey: Guid(ad406b2edb3da9942884b71642b7693b) Importer(815301076,1909f56bfc062723c751e8b465ee728b)
Start importing Assets/Low Poly Furniture/Prefabs/Vase/Yellow Vase.prefab using Guid(ad406b2edb3da9942884b71642b7693b) Importer(815301076,1909f56bfc062723c751e8b465ee728b)  -> (artifact id: '6b646d80eb34884e542f559236eadaad') in 0.016159 seconds
Number of updated asset objects reloaded before import = 0
Number of asset objects unloaded after import = 15
========================================================================
Received Import Request.
  Time since last request: 3.414316 seconds.
  path: Assets/Low Poly Furniture/Prefabs/Screen/Gaming Screen.prefab
  artifactKey: Guid(72cea4de7aef0894c84d3b014858e185) Importer(815301076,1909f56bfc062723c751e8b465ee728b)
Start importing Assets/Low Poly Furniture/Prefabs/Screen/Gaming Screen.prefab using Guid(72cea4de7aef0894c84d3b014858e185) Importer(815301076,1909f56bfc062723c751e8b465ee728b)  -> (artifact id: '92bf286818dd28578614f1ffcd2d7d86') in 0.015156 seconds
Number of updated asset objects reloaded before import = 0
Number of asset objects unloaded after import = 15
========================================================================
Received Import Request.
  Time since last request: 0.000017 seconds.
  path: Assets/Low Poly Furniture/Prefabs/Screen/Old Screen.prefab
  artifactKey: Guid(e430022eaa2c59340af3119c722ac3b2) Importer(815301076,1909f56bfc062723c751e8b465ee728b)
Start importing Assets/Low Poly Furniture/Prefabs/Screen/Old Screen.prefab using Guid(e430022eaa2c59340af3119c722ac3b2) Importer(815301076,1909f56bfc062723c751e8b465ee728b)  -> (artifact id: '105e0b31ee3067e4b057477af83c33ab') in 0.018713 seconds
Number of updated asset objects reloaded before import = 0
Number of asset objects unloaded after import = 15
========================================================================
Received Import Request.
  Time since last request: 382.118308 seconds.
  path: Assets/Low Poly Furniture/Textures
  artifactKey: Guid(c3df98cba2adbaa4b9e18aac5eec7155) Importer(815301076,1909f56bfc062723c751e8b465ee728b)
Start importing Assets/Low Poly Furniture/Textures using Guid(c3df98cba2adbaa4b9e18aac5eec7155) Importer(815301076,1909f56bfc062723c751e8b465ee728b)  -> (artifact id: 'ff67c7cea506d267de00376f4900aa7a') in 0.000805 seconds
Number of updated asset objects reloaded before import = 0
Number of asset objects unloaded after import = 0
========================================================================
Received Import Request.
  Time since last request: 232.340818 seconds.
  path: Assets/Low Poly Furniture/Prefabs/Vase
  artifactKey: Guid(99700b038f71a4945a15acf8de87b626) Importer(815301076,1909f56bfc062723c751e8b465ee728b)
Start importing Assets/Low Poly Furniture/Prefabs/Vase using Guid(99700b038f71a4945a15acf8de87b626) Importer(815301076,1909f56bfc062723c751e8b465ee728b)  -> (artifact id: '863d22a28ff746f614c8fde6de1cb4eb') in 0.000825 seconds
Number of updated asset objects reloaded before import = 0
Number of asset objects unloaded after import = 0
========================================================================
Received Import Request.
  Time since last request: 2.463081 seconds.
  path: Assets/Low Poly Furniture/Prefabs/Screen
  artifactKey: Guid(b244531444d06b34fa96792f5191a2ac) Importer(815301076,1909f56bfc062723c751e8b465ee728b)
Start importing Assets/Low Poly Furniture/Prefabs/Screen using Guid(b244531444d06b34fa96792f5191a2ac) Importer(815301076,1909f56bfc062723c751e8b465ee728b)  -> (artifact id: '6bfd8ea85bf5bfe3740f649933c0ef7e') in 0.000581 seconds
Number of updated asset objects reloaded before import = 0
Number of asset objects unloaded after import = 0
========================================================================
Received Import Request.
  Time since last request: 610.628692 seconds.
  path: Assets/Low Poly Furniture/Models/Standart Bookshelf.fbx
  artifactKey: Guid(de28c4b7898423c439068dd7f02263cb) Importer(815301076,1909f56bfc062723c751e8b465ee728b)
Start importing Assets/Low Poly Furniture/Models/Standart Bookshelf.fbx using Guid(de28c4b7898423c439068dd7f02263cb) Importer(815301076,1909f56bfc062723c751e8b465ee728b)  -> (artifact id: '113bc2979f995fc96030e40de3b9228a') in 0.062470 seconds
Number of updated asset objects reloaded before import = 0
Number of asset objects unloaded after import = 9
========================================================================
Received Import Request.
  Time since last request: 0.000031 seconds.
  path: Assets/Low Poly Furniture/Models/Triple Cactus.fbx
  artifactKey: Guid(3ea3d2a5bf18aa84284124fe246a65b1) Importer(815301076,1909f56bfc062723c751e8b465ee728b)
Start importing Assets/Low Poly Furniture/Models/Triple Cactus.fbx using Guid(3ea3d2a5bf18aa84284124fe246a65b1) Importer(815301076,1909f56bfc062723c751e8b465ee728b)  -> (artifact id: 'd24482b89a4840297e1765a8ebbd2685') in 0.041902 seconds
Number of updated asset objects reloaded before import = 0
Number of asset objects unloaded after import = 9
========================================================================
Received Import Request.
  Time since last request: 0.000017 seconds.
  path: Assets/Low Poly Furniture/Models/Twin Wardrobe.fbx
  artifactKey: Guid(2e478b462dd4cdd47ac83b5a69d74ec2) Importer(815301076,1909f56bfc062723c751e8b465ee728b)
Start importing Assets/Low Poly Furniture/Models/Twin Wardrobe.fbx using Guid(2e478b462dd4cdd47ac83b5a69d74ec2) Importer(815301076,1909f56bfc062723c751e8b465ee728b)  -> (artifact id: '05f022deaf338cfd87e1b14d1ebdff06') in 0.038254 seconds
Number of updated asset objects reloaded before import = 0
Number of asset objects unloaded after import = 9
========================================================================
Received Import Request.
  Time since last request: 0.000033 seconds.
  path: Assets/Low Poly Furniture/Models/Wall Bookshelf Small.fbx
  artifactKey: Guid(4ac0c85b05ac2a649a6ac847d089c80c) Importer(815301076,1909f56bfc062723c751e8b465ee728b)
Start importing Assets/Low Poly Furniture/Models/Wall Bookshelf Small.fbx using Guid(4ac0c85b05ac2a649a6ac847d089c80c) Importer(815301076,1909f56bfc062723c751e8b465ee728b)  -> (artifact id: 'f4b94a664f3e3bbdfee31ac7c7a2b87d') in 0.039379 seconds
Number of updated asset objects reloaded before import = 0
Number of asset objects unloaded after import = 9
========================================================================
Received Import Request.
  Time since last request: 0.000034 seconds.
  path: Assets/Low Poly Furniture/Models/Yellow Vase.fbx
  artifactKey: Guid(a3c8436bd2348474a824d0baa0786aa9) Importer(815301076,1909f56bfc062723c751e8b465ee728b)
Start importing Assets/Low Poly Furniture/Models/Yellow Vase.fbx using Guid(a3c8436bd2348474a824d0baa0786aa9) Importer(815301076,1909f56bfc062723c751e8b465ee728b)  -> (artifact id: '082842736edff20665327ffab14c873e') in 0.041357 seconds
Number of updated asset objects reloaded before import = 0
Number of asset objects unloaded after import = 9
========================================================================
Received Import Request.
  Time since last request: 0.000032 seconds.
  path: Assets/Low Poly Furniture/Models/Standart Wardrobe.fbx
  artifactKey: Guid(67f26b897a8659d4882a7294baadc9c9) Importer(815301076,1909f56bfc062723c751e8b465ee728b)
Start importing Assets/Low Poly Furniture/Models/Standart Wardrobe.fbx using Guid(67f26b897a8659d4882a7294baadc9c9) Importer(815301076,1909f56bfc062723c751e8b465ee728b)  -> (artifact id: 'd9e3654817208a49a7336a942d5d68e6') in 0.031236 seconds
Number of updated asset objects reloaded before import = 0
Number of asset objects unloaded after import = 9
========================================================================
Received Import Request.
  Time since last request: 0.687971 seconds.
  path: Assets/Low Poly Furniture/Models/Nightstand.fbx
  artifactKey: Guid(5bc0e5fdfe70ab8409a03ded63e6af9b) Importer(815301076,1909f56bfc062723c751e8b465ee728b)
Start importing Assets/Low Poly Furniture/Models/Nightstand.fbx using Guid(5bc0e5fdfe70ab8409a03ded63e6af9b) Importer(815301076,1909f56bfc062723c751e8b465ee728b)  -> (artifact id: '44d720124999e05ae4c82ecb608ffeae') in 0.025553 seconds
Number of updated asset objects reloaded before import = 0
Number of asset objects unloaded after import = 9
========================================================================
Received Import Request.
  Time since last request: 0.000021 seconds.
  path: Assets/Low Poly Furniture/Models/Blue Vase.fbx
  artifactKey: Guid(824c8db400013dd4bb682dbbe289f48a) Importer(815301076,1909f56bfc062723c751e8b465ee728b)
Start importing Assets/Low Poly Furniture/Models/Blue Vase.fbx using Guid(824c8db400013dd4bb682dbbe289f48a) Importer(815301076,1909f56bfc062723c751e8b465ee728b)  -> (artifact id: '497220da7137056af788a57d71cb8027') in 0.023693 seconds
Number of updated asset objects reloaded before import = 0
Number of asset objects unloaded after import = 9
========================================================================
Received Import Request.
  Time since last request: 0.000018 seconds.
  path: Assets/Low Poly Furniture/Models/Small Mouse.fbx
  artifactKey: Guid(d74a36366eeaa9345a1658de0de381af) Importer(815301076,1909f56bfc062723c751e8b465ee728b)
Start importing Assets/Low Poly Furniture/Models/Small Mouse.fbx using Guid(d74a36366eeaa9345a1658de0de381af) Importer(815301076,1909f56bfc062723c751e8b465ee728b)  -> (artifact id: 'c808a58827e4a5e78703c468ccbd7cc7') in 0.023683 seconds
Number of updated asset objects reloaded before import = 0
Number of asset objects unloaded after import = 9
========================================================================
Received Import Request.
  Time since last request: 0.000030 seconds.
  path: Assets/Low Poly Furniture/Models/L-Shaped Couch.fbx
  artifactKey: Guid(c63715b0b8bef004a95d82d55cc527c7) Importer(815301076,1909f56bfc062723c751e8b465ee728b)
Start importing Assets/Low Poly Furniture/Models/L-Shaped Couch.fbx using Guid(c63715b0b8bef004a95d82d55cc527c7) Importer(815301076,1909f56bfc062723c751e8b465ee728b)  -> (artifact id: '0d3dea46d820d073bf33b4c44ad38951') in 0.024729 seconds
Number of updated asset objects reloaded before import = 0
Number of asset objects unloaded after import = 9
========================================================================
Received Import Request.
  Time since last request: 0.000032 seconds.
  path: Assets/Low Poly Furniture/Models/Desk.fbx
  artifactKey: Guid(f0d009a5b203f1f4eb0a2f1b708cdfe6) Importer(815301076,1909f56bfc062723c751e8b465ee728b)
Start importing Assets/Low Poly Furniture/Models/Desk.fbx using Guid(f0d009a5b203f1f4eb0a2f1b708cdfe6) Importer(815301076,1909f56bfc062723c751e8b465ee728b)  -> (artifact id: '4eae73120b88298ba653a51c099ff1c9') in 0.023088 seconds
Number of updated asset objects reloaded before import = 0
Number of asset objects unloaded after import = 9
========================================================================
Received Import Request.
  Time since last request: 0.000032 seconds.
  path: Assets/Low Poly Furniture/Models/Rectangle Table.fbx
  artifactKey: Guid(36df2876932ca6b448b29d0333cec2ba) Importer(815301076,1909f56bfc062723c751e8b465ee728b)
Start importing Assets/Low Poly Furniture/Models/Rectangle Table.fbx using Guid(36df2876932ca6b448b29d0333cec2ba) Importer(815301076,1909f56bfc062723c751e8b465ee728b)  -> (artifact id: 'a00bb980d40a9653fa5f3e68d93ec368') in 0.023481 seconds
Number of updated asset objects reloaded before import = 0
Number of asset objects unloaded after import = 9
========================================================================
Received Import Request.
  Time since last request: 0.000020 seconds.
  path: Assets/Low Poly Furniture/Models/Black Book.fbx
  artifactKey: Guid(30663d2e0eae90940b64eff3e2f719f4) Importer(815301076,1909f56bfc062723c751e8b465ee728b)
Start importing Assets/Low Poly Furniture/Models/Black Book.fbx using Guid(30663d2e0eae90940b64eff3e2f719f4) Importer(815301076,1909f56bfc062723c751e8b465ee728b)  -> (artifact id: '3ac38033df95bd73abf2560f3de5739e') in 0.022484 seconds
Number of updated asset objects reloaded before import = 0
Number of asset objects unloaded after import = 9
========================================================================
Received Import Request.
  Time since last request: 0.000022 seconds.
  path: Assets/Low Poly Furniture/Models/Larger Case.fbx
  artifactKey: Guid(663a9601d0ae2274a9c57ebba1b3cc31) Importer(815301076,1909f56bfc062723c751e8b465ee728b)
Start importing Assets/Low Poly Furniture/Models/Larger Case.fbx using Guid(663a9601d0ae2274a9c57ebba1b3cc31) Importer(815301076,1909f56bfc062723c751e8b465ee728b)  -> (artifact id: '447c7b95cfe5b2f61f69c26797b82685') in 0.022631 seconds
Number of updated asset objects reloaded before import = 0
Number of asset objects unloaded after import = 9
========================================================================
Received Import Request.
  Time since last request: 0.000031 seconds.
  path: Assets/Low Poly Furniture/Models/L-Shaped Desk.fbx
  artifactKey: Guid(c8dce477da05e754e8e912991abfd95f) Importer(815301076,1909f56bfc062723c751e8b465ee728b)
Start importing Assets/Low Poly Furniture/Models/L-Shaped Desk.fbx using Guid(c8dce477da05e754e8e912991abfd95f) Importer(815301076,1909f56bfc062723c751e8b465ee728b)  -> (artifact id: '070e747e1d8cec79a420a2c9e0f45d4b') in 0.022507 seconds
Number of updated asset objects reloaded before import = 0
Number of asset objects unloaded after import = 9
========================================================================
Received Import Request.
  Time since last request: 0.000022 seconds.
  path: Assets/Low Poly Furniture/Models/Purple Book.fbx
  artifactKey: Guid(e9bffd5ceb3415b40b0b7dcae0ae6a03) Importer(815301076,1909f56bfc062723c751e8b465ee728b)
Start importing Assets/Low Poly Furniture/Models/Purple Book.fbx using Guid(e9bffd5ceb3415b40b0b7dcae0ae6a03) Importer(815301076,1909f56bfc062723c751e8b465ee728b)  -> (artifact id: '60a6487bbcf8c514b033f8d7f9215232') in 0.022916 seconds
Number of updated asset objects reloaded before import = 0
Number of asset objects unloaded after import = 9
========================================================================
Received Import Request.
  Time since last request: 0.000028 seconds.
  path: Assets/Low Poly Furniture/Models/L-Shaped Bookshelf.fbx
  artifactKey: Guid(492df7511a68f19488494c654356defd) Importer(815301076,1909f56bfc062723c751e8b465ee728b)
Start importing Assets/Low Poly Furniture/Models/L-Shaped Bookshelf.fbx using Guid(492df7511a68f19488494c654356defd) Importer(815301076,1909f56bfc062723c751e8b465ee728b)  -> (artifact id: '234df75f3de271286bcbb0ce5cbdda37') in 0.022237 seconds
Number of updated asset objects reloaded before import = 0
Number of asset objects unloaded after import = 9
========================================================================
Received Import Request.
  Time since last request: 0.000027 seconds.
  path: Assets/Low Poly Furniture/Models/Old Screen.fbx
  artifactKey: Guid(e4cc1467e2788fa4cac37f127450157c) Importer(815301076,1909f56bfc062723c751e8b465ee728b)
Start importing Assets/Low Poly Furniture/Models/Old Screen.fbx using Guid(e4cc1467e2788fa4cac37f127450157c) Importer(815301076,1909f56bfc062723c751e8b465ee728b)  -> (artifact id: '4cc03016c6a8356454b0b73da6c471a9') in 0.023084 seconds
Number of updated asset objects reloaded before import = 0
Number of asset objects unloaded after import = 9
========================================================================
Received Import Request.
  Time since last request: 0.000022 seconds.
  path: Assets/Low Poly Furniture/Models/Laptop.fbx
  artifactKey: Guid(d8ea38793a6bd104aa20d7dc912caba7) Importer(815301076,1909f56bfc062723c751e8b465ee728b)
Start importing Assets/Low Poly Furniture/Models/Laptop.fbx using Guid(d8ea38793a6bd104aa20d7dc912caba7) Importer(815301076,1909f56bfc062723c751e8b465ee728b)  -> (artifact id: '27d891402a573a6f99785dfb2f321ebe') in 0.025185 seconds
Number of updated asset objects reloaded before import = 0
Number of asset objects unloaded after import = 9
========================================================================
Received Import Request.
  Time since last request: 0.000022 seconds.
  path: Assets/Low Poly Furniture/Models/Big Mouse.fbx
  artifactKey: Guid(c12191cd2f81c5748b201a73a4608f2d) Importer(815301076,1909f56bfc062723c751e8b465ee728b)
Start importing Assets/Low Poly Furniture/Models/Big Mouse.fbx using Guid(c12191cd2f81c5748b201a73a4608f2d) Importer(815301076,1909f56bfc062723c751e8b465ee728b)  -> (artifact id: '62f586dad0eb40d0504a125e89cd828b') in 0.022595 seconds
Number of updated asset objects reloaded before import = 0
Number of asset objects unloaded after import = 9
========================================================================
Received Import Request.
  Time since last request: 0.000033 seconds.
  path: Assets/Low Poly Furniture/Models/Blue Flower.fbx
  artifactKey: Guid(049261c380654ce41a3962a1e1c2d0b5) Importer(815301076,1909f56bfc062723c751e8b465ee728b)
Start importing Assets/Low Poly Furniture/Models/Blue Flower.fbx using Guid(049261c380654ce41a3962a1e1c2d0b5) Importer(815301076,1909f56bfc062723c751e8b465ee728b)  -> (artifact id: '046bcf73ec9b814803dcb56b519f52cf') in 0.024483 seconds
Number of updated asset objects reloaded before import = 0
Number of asset objects unloaded after import = 9
Editor requested this worker to shutdown with reason: Scaling down because of idle timeout
TcpMessagingSession - receive error: operation aborted. errorcode: 995, details: The I/O operation has been aborted because of either a thread exit or an application request.
AssetImportWorker is now disconnected from the server
Process exiting
Exiting without the bug reporter. Application will terminate with return code 0