Using pre-set license
Built from '2022.3/release' branch; Version is '2022.3.5f1 (9674261d40ee) revision 9860134'; Using compiler version '192829333'; Build Type 'Release'
OS: 'Windows 11  (10.0.22621) 64bit Core' Language: 'en' Physical Memory: 16021 MB
BatchMode: 1, IsHumanControllingUs: 0, StartBugReporterOnCrash: 0, Is64bit: 1, IsPro: 1

COMMAND LINE ARGUMENTS:
E:\Unity\2022.3.5f1\Editor\Unity.exe
-adb2
-batchMode
-noUpm
-name
AssetImportWorker0
-projectPath
E:/Unity/Projects/Toy-Defenders-RGJ23
-logFile
Logs/AssetImportWorker0.log
-srvPort
52540
Successfully changed project path to: E:/Unity/Projects/Toy-Defenders-RGJ23
E:/Unity/Projects/Toy-Defenders-RGJ23
[UnityMemory] Configuration Parameters - Can be set up in boot.config
    "memorysetup-bucket-allocator-granularity=16"
    "memorysetup-bucket-allocator-bucket-count=8"
    "memorysetup-bucket-allocator-block-size=33554432"
    "memorysetup-bucket-allocator-block-count=8"
    "memorysetup-main-allocator-block-size=16777216"
    "memorysetup-thread-allocator-block-size=16777216"
    "memorysetup-gfx-main-allocator-block-size=16777216"
    "memorysetup-gfx-thread-allocator-block-size=16777216"
    "memorysetup-cache-allocator-block-size=4194304"
    "memorysetup-typetree-allocator-block-size=2097152"
    "memorysetup-profiler-bucket-allocator-granularity=16"
    "memorysetup-profiler-bucket-allocator-bucket-count=8"
    "memorysetup-profiler-bucket-allocator-block-size=33554432"
    "memorysetup-profiler-bucket-allocator-block-count=8"
    "memorysetup-profiler-allocator-block-size=16777216"
    "memorysetup-profiler-editor-allocator-block-size=1048576"
    "memorysetup-temp-allocator-size-main=16777216"
    "memorysetup-job-temp-allocator-block-size=2097152"
    "memorysetup-job-temp-allocator-block-size-background=1048576"
    "memorysetup-job-temp-allocator-reduction-small-platforms=262144"
    "memorysetup-allocator-temp-initial-block-size-main=262144"
    "memorysetup-allocator-temp-initial-block-size-worker=262144"
    "memorysetup-temp-allocator-size-background-worker=32768"
    "memorysetup-temp-allocator-size-job-worker=262144"
    "memorysetup-temp-allocator-size-preload-manager=33554432"
    "memorysetup-temp-allocator-size-nav-mesh-worker=65536"
    "memorysetup-temp-allocator-size-audio-worker=65536"
    "memorysetup-temp-allocator-size-cloud-worker=32768"
    "memorysetup-temp-allocator-size-gi-baking-worker=262144"
    "memorysetup-temp-allocator-size-gfx=262144"
Player connection [8480] Host "[IP] 192.168.0.115 [Port] 0 [Flags] 2 [Guid] 4156156939 [EditorId] 4156156939 [Version] 1048832 [Id] WindowsEditor(7,VICTUS) [Debug] 1 [PackageName] WindowsEditor [ProjectName] Editor" joined multi-casting on [225.0.0.222:54997]...

Player connection [8480] Host "[IP] 192.168.0.115 [Port] 0 [Flags] 2 [Guid] 4156156939 [EditorId] 4156156939 [Version] 1048832 [Id] WindowsEditor(7,VICTUS) [Debug] 1 [PackageName] WindowsEditor [ProjectName] Editor" joined alternative multi-casting on [225.0.0.222:34997]...

Refreshing native plugins compatible for Editor in 7.65 ms, found 3 plugins.
Preloading 0 native plugins for Editor in 0.00 ms.
Initialize engine version: 2022.3.5f1 (9674261d40ee)
[Subsystems] Discovering subsystems at path E:/Unity/2022.3.5f1/Editor/Data/Resources/UnitySubsystems
[Subsystems] Discovering subsystems at path E:/Unity/Projects/Toy-Defenders-RGJ23/Assets
GfxDevice: creating device client; threaded=0; jobified=0
Direct3D:
    Version:  Direct3D 11.0 [level 11.1]
    Renderer: NVIDIA GeForce RTX 3050 Laptop GPU (ID=0x25a2)
    Vendor:   NVIDIA
    VRAM:     3977 MB
    Driver:   31.0.15.2756
Initialize mono
Mono path[0] = 'E:/Unity/2022.3.5f1/Editor/Data/Managed'
Mono path[1] = 'E:/Unity/2022.3.5f1/Editor/Data/MonoBleedingEdge/lib/mono/unityjit-win32'
Mono config path = 'E:/Unity/2022.3.5f1/Editor/Data/MonoBleedingEdge/etc'
Using monoOptions --debugger-agent=transport=dt_socket,embedding=1,server=y,suspend=n,address=127.0.0.1:56640
Begin MonoManager ReloadAssembly
Registering precompiled unity dll's ...
Register platform support module: E:/Unity/2022.3.5f1/Editor/Data/PlaybackEngines/WebGLSupport/UnityEditor.WebGL.Extensions.dll
Register platform support module: E:/Unity/2022.3.5f1/Editor/Data/PlaybackEngines/AndroidPlayer/UnityEditor.Android.Extensions.dll
Register platform support module: E:/Unity/2022.3.5f1/Editor/Data/PlaybackEngines/WindowsStandaloneSupport/UnityEditor.WindowsStandalone.Extensions.dll
Registered in 0.003793 seconds.
- Loaded All Assemblies, in  0.257 seconds
Native extension for WindowsStandalone target not found
Native extension for Android target not found
Android Extension - Scanning For ADB Devices 1784 ms
Native extension for WebGL target not found
Mono: successfully reloaded assembly
- Finished resetting the current domain, in  2.089 seconds
Domain Reload Profiling: 2345ms
	BeginReloadAssembly (75ms)
		ExecutionOrderSort (0ms)
		DisableScriptedObjects (0ms)
		BackupInstance (0ms)
		ReleaseScriptingObjects (0ms)
		CreateAndSetChildDomain (1ms)
	RebuildCommonClasses (27ms)
	RebuildNativeTypeToScriptingClass (8ms)
	initialDomainReloadingComplete (39ms)
	LoadAllAssembliesAndSetupDomain (107ms)
		LoadAssemblies (76ms)
		RebuildTransferFunctionScriptingTraits (0ms)
		AnalyzeDomain (104ms)
			TypeCache.Refresh (103ms)
				TypeCache.ScanAssembly (94ms)
			ScanForSourceGeneratedMonoScriptInfo (0ms)
			ResolveRequiredComponents (0ms)
	FinalizeReload (2089ms)
		ReleaseScriptCaches (0ms)
		RebuildScriptCaches (0ms)
		SetupLoadedEditorAssemblies (2037ms)
			LogAssemblyErrors (0ms)
			InitializePlatformSupportModulesInManaged (1879ms)
			SetLoadedEditorAssemblies (4ms)
			RefreshPlugins (0ms)
			BeforeProcessingInitializeOnLoad (2ms)
			ProcessInitializeOnLoadAttributes (103ms)
			ProcessInitializeOnLoadMethodAttributes (48ms)
			AfterProcessingInitializeOnLoad (0ms)
			EditorAssembliesLoaded (0ms)
		ExecutionOrderSort2 (0ms)
		AwakeInstancesAfterBackupRestoration (0ms)
========================================================================
Worker process is ready to serve import requests
Begin MonoManager ReloadAssembly
Symbol file LoadedFromMemory doesn't match image E:\Unity\Projects\Toy-Defenders-RGJ23\Library\PackageCache\com.unity.visualscripting@1.8.0\Editor\VisualScripting.Core\Dependencies\YamlDotNet\Unity.VisualScripting.YamlDotNet.dll
Symbol file LoadedFromMemory doesn't match image E:\Unity\Projects\Toy-Defenders-RGJ23\Library\PackageCache\com.unity.visualscripting@1.8.0\Editor\VisualScripting.Core\Dependencies\DotNetZip\Unity.VisualScripting.IonicZip.dll
- Loaded All Assemblies, in  0.674 seconds
Refreshing native plugins compatible for Editor in 6.68 ms, found 3 plugins.
Native extension for WindowsStandalone target not found
Native extension for Android target not found
Native extension for WebGL target not found
Mono: successfully reloaded assembly
Package Manager log level set to [2]
[Package Manager] Server::EnsureServerProcessIsRunning -- launch failed, reason: Unity was launched with the -noUpm command-line argument
[Package Manager] UpmClient::Send -- Unable to send message (not connected to UPM process).
[Package Manager] Cannot connect to Unity Package Manager local server
[Package Manager] Server::EnsureServerProcessIsRunning -- launch failed, reason: Unity was launched with the -noUpm command-line argument
[Package Manager] UpmClient::Send -- Unable to send message (not connected to UPM process).
[Package Manager] Cannot connect to Unity Package Manager local server
- Finished resetting the current domain, in  0.543 seconds
Domain Reload Profiling: 1217ms
	BeginReloadAssembly (135ms)
		ExecutionOrderSort (0ms)
		DisableScriptedObjects (6ms)
		BackupInstance (0ms)
		ReleaseScriptingObjects (0ms)
		CreateAndSetChildDomain (23ms)
	RebuildCommonClasses (45ms)
	RebuildNativeTypeToScriptingClass (10ms)
	initialDomainReloadingComplete (38ms)
	LoadAllAssembliesAndSetupDomain (445ms)
		LoadAssemblies (246ms)
		RebuildTransferFunctionScriptingTraits (0ms)
		AnalyzeDomain (272ms)
			TypeCache.Refresh (250ms)
				TypeCache.ScanAssembly (235ms)
			ScanForSourceGeneratedMonoScriptInfo (16ms)
			ResolveRequiredComponents (5ms)
	FinalizeReload (543ms)
		ReleaseScriptCaches (0ms)
		RebuildScriptCaches (0ms)
		SetupLoadedEditorAssemblies (359ms)
			LogAssemblyErrors (0ms)
			InitializePlatformSupportModulesInManaged (30ms)
			SetLoadedEditorAssemblies (6ms)
			RefreshPlugins (0ms)
			BeforeProcessingInitializeOnLoad (54ms)
			ProcessInitializeOnLoadAttributes (245ms)
			ProcessInitializeOnLoadMethodAttributes (22ms)
			AfterProcessingInitializeOnLoad (2ms)
			EditorAssembliesLoaded (0ms)
		ExecutionOrderSort2 (0ms)
		AwakeInstancesAfterBackupRestoration (6ms)
Launched and connected shader compiler UnityShaderCompiler.exe after 0.04 seconds
Refreshing native plugins compatible for Editor in 4.98 ms, found 3 plugins.
Preloading 0 native plugins for Editor in 0.00 ms.
Unloading 3174 Unused Serialized files (Serialized files now loaded: 0)
Unloading 45 unused Assets / (63.5 KB). Loaded Objects now: 3627.
Memory consumption went from 123.8 MB to 123.7 MB.
Total: 3.313100 ms (FindLiveObjects: 0.301200 ms CreateObjectMapping: 0.089300 ms MarkObjects: 2.776900 ms  DeleteObjects: 0.143700 ms)

AssetImportParameters requested are different than current active one (requested -> active):
  custom:container-demuxer-ogg: 62fdf1f143b41e24485cea50d1cbac27 -> 
  custom:video-codec-MediaFoundation-h265: 746d11721c4dcdbdad8f713fa42b33f4 -> 
  custom:video-decoder-ogg-theora: a1e56fd34408186e4bbccfd4996cb3dc -> 
  custom:framework-win-MediaFoundation: 216162199b28c13a410421893ffa2e32 -> 
  custom:container-demuxer-webm: 4f35f7cbe854078d1ac9338744f61a02 -> 
  custom:container-muxer-webm: aa71ff27fc2769a1b78a27578f13a17b -> 
  custom:video-decoder-webm-vp8: 9c59270c3fd7afecdb556c50c9e8de78 -> 
  custom:AudioImporter_EditorPlatform: d09bf68614088b80899f8185d706f6e7 -> 
  custom:video-encoder-webm-vp8: eb34c28f22e8b96e1ab97ce403110664 -> 
  custom:audio-decoder-ogg-vorbis: bf7c407c2cedff20999df2af8eb42d56 -> 
  custom:audio-encoder-webm-vorbis: bf7c407c2cedff20999df2af8eb42d56 -> 
========================================================================
Received Import Request.
  Time since last request: 6464.476104 seconds.
  path: Assets/Readme.asset
  artifactKey: Guid(7f2c382dc2c22446db59030979f6e495) Importer(815301076,1909f56bfc062723c751e8b465ee728b)
Start importing Assets/Readme.asset using Guid(7f2c382dc2c22446db59030979f6e495) Importer(815301076,1909f56bfc062723c751e8b465ee728b)  -> (artifact id: 'f564e7b629a9c8f86b7c04e798340ba9') in 0.014729 seconds
Number of updated asset objects reloaded before import = 0
Number of asset objects unloaded after import = 2
========================================================================
Received Prepare
Refreshing native plugins compatible for Editor in 5.21 ms, found 3 plugins.
Preloading 0 native plugins for Editor in 0.00 ms.
Unloading 0 Unused Serialized files (Serialized files now loaded: 0)
Unloading 1 unused Assets / (0.8 KB). Loaded Objects now: 3628.
Memory consumption went from 72.6 MB to 72.6 MB.
Total: 2.651400 ms (FindLiveObjects: 0.220600 ms CreateObjectMapping: 0.092900 ms MarkObjects: 2.319900 ms  DeleteObjects: 0.017200 ms)

Prepare: number of updated asset objects reloaded= 0
AssetImportParameters requested are different than current active one (requested -> active):
  custom:container-demuxer-ogg: 62fdf1f143b41e24485cea50d1cbac27 -> 
  custom:video-codec-MediaFoundation-h265: 746d11721c4dcdbdad8f713fa42b33f4 -> 
  custom:video-decoder-ogg-theora: a1e56fd34408186e4bbccfd4996cb3dc -> 
  custom:framework-win-MediaFoundation: 216162199b28c13a410421893ffa2e32 -> 
  custom:CustomObjectIndexerAttribute: 756ad292c208cfabdd7b50bc23989ffe -> 
  custom:container-demuxer-webm: 4f35f7cbe854078d1ac9338744f61a02 -> 
  custom:container-muxer-webm: aa71ff27fc2769a1b78a27578f13a17b -> 
  custom:video-decoder-webm-vp8: 9c59270c3fd7afecdb556c50c9e8de78 -> 
  custom:AudioImporter_EditorPlatform: d09bf68614088b80899f8185d706f6e7 -> 
  custom:video-encoder-webm-vp8: eb34c28f22e8b96e1ab97ce403110664 -> 
  custom:audio-decoder-ogg-vorbis: bf7c407c2cedff20999df2af8eb42d56 -> 
  custom:audio-encoder-webm-vorbis: bf7c407c2cedff20999df2af8eb42d56 -> 
========================================================================
Received Prepare
Refreshing native plugins compatible for Editor in 4.14 ms, found 3 plugins.
Preloading 0 native plugins for Editor in 0.00 ms.
Unloading 1 Unused Serialized files (Serialized files now loaded: 0)
Unloading 1 unused Assets / (3.0 KB). Loaded Objects now: 3628.
Memory consumption went from 72.9 MB to 72.9 MB.
Total: 3.069500 ms (FindLiveObjects: 0.248600 ms CreateObjectMapping: 0.134700 ms MarkObjects: 2.661700 ms  DeleteObjects: 0.023500 ms)

Prepare: number of updated asset objects reloaded= 0
AssetImportParameters requested are different than current active one (requested -> active):
  custom:container-demuxer-ogg: 62fdf1f143b41e24485cea50d1cbac27 -> 
  custom:video-codec-MediaFoundation-h265: 746d11721c4dcdbdad8f713fa42b33f4 -> 
  custom:video-decoder-ogg-theora: a1e56fd34408186e4bbccfd4996cb3dc -> 
  custom:framework-win-MediaFoundation: 216162199b28c13a410421893ffa2e32 -> 
  custom:CustomObjectIndexerAttribute: 756ad292c208cfabdd7b50bc23989ffe -> 
  custom:container-demuxer-webm: 4f35f7cbe854078d1ac9338744f61a02 -> 
  custom:container-muxer-webm: aa71ff27fc2769a1b78a27578f13a17b -> 
  custom:video-decoder-webm-vp8: 9c59270c3fd7afecdb556c50c9e8de78 -> 
  custom:AudioImporter_EditorPlatform: d09bf68614088b80899f8185d706f6e7 -> 
  custom:video-encoder-webm-vp8: eb34c28f22e8b96e1ab97ce403110664 -> 
  custom:audio-decoder-ogg-vorbis: bf7c407c2cedff20999df2af8eb42d56 -> 
  custom:audio-encoder-webm-vorbis: bf7c407c2cedff20999df2af8eb42d56 -> 
========================================================================
Received Prepare
Begin MonoManager ReloadAssembly
Symbol file LoadedFromMemory doesn't match image E:\Unity\Projects\Toy-Defenders-RGJ23\Library\PackageCache\com.unity.visualscripting@1.8.0\Editor\VisualScripting.Core\Dependencies\YamlDotNet\Unity.VisualScripting.YamlDotNet.dll
Symbol file LoadedFromMemory doesn't match image E:\Unity\Projects\Toy-Defenders-RGJ23\Library\PackageCache\com.unity.visualscripting@1.8.0\Editor\VisualScripting.Core\Dependencies\DotNetZip\Unity.VisualScripting.IonicZip.dll
- Loaded All Assemblies, in  0.535 seconds
Refreshing native plugins compatible for Editor in 4.20 ms, found 3 plugins.
Native extension for WindowsStandalone target not found
Native extension for Android target not found
Native extension for WebGL target not found
Mono: successfully reloaded assembly
[Package Manager] Server::EnsureServerProcessIsRunning -- launch failed, reason: Unity was launched with the -noUpm command-line argument
[Package Manager] UpmClient::Send -- Unable to send message (not connected to UPM process).
[Package Manager] Cannot connect to Unity Package Manager local server
- Finished resetting the current domain, in  0.649 seconds
Domain Reload Profiling: 1184ms
	BeginReloadAssembly (133ms)
		ExecutionOrderSort (0ms)
		DisableScriptedObjects (7ms)
		BackupInstance (0ms)
		ReleaseScriptingObjects (0ms)
		CreateAndSetChildDomain (33ms)
	RebuildCommonClasses (25ms)
	RebuildNativeTypeToScriptingClass (9ms)
	initialDomainReloadingComplete (19ms)
	LoadAllAssembliesAndSetupDomain (349ms)
		LoadAssemblies (198ms)
		RebuildTransferFunctionScriptingTraits (0ms)
		AnalyzeDomain (217ms)
			TypeCache.Refresh (203ms)
				TypeCache.ScanAssembly (190ms)
			ScanForSourceGeneratedMonoScriptInfo (12ms)
			ResolveRequiredComponents (3ms)
	FinalizeReload (649ms)
		ReleaseScriptCaches (0ms)
		RebuildScriptCaches (0ms)
		SetupLoadedEditorAssemblies (278ms)
			LogAssemblyErrors (0ms)
			InitializePlatformSupportModulesInManaged (21ms)
			SetLoadedEditorAssemblies (4ms)
			RefreshPlugins (0ms)
			BeforeProcessingInitializeOnLoad (48ms)
			ProcessInitializeOnLoadAttributes (186ms)
			ProcessInitializeOnLoadMethodAttributes (17ms)
			AfterProcessingInitializeOnLoad (2ms)
			EditorAssembliesLoaded (0ms)
		ExecutionOrderSort2 (0ms)
		AwakeInstancesAfterBackupRestoration (5ms)
Refreshing native plugins compatible for Editor in 3.31 ms, found 3 plugins.
Preloading 0 native plugins for Editor in 0.00 ms.
Unloading 3167 Unused Serialized files (Serialized files now loaded: 0)
Unloading 36 unused Assets / (39.0 KB). Loaded Objects now: 3631.
Memory consumption went from 122.2 MB to 122.2 MB.
Total: 2.702300 ms (FindLiveObjects: 0.223400 ms CreateObjectMapping: 0.078500 ms MarkObjects: 2.328100 ms  DeleteObjects: 0.071300 ms)

Prepare: number of updated asset objects reloaded= 0
AssetImportParameters requested are different than current active one (requested -> active):
  custom:container-demuxer-ogg: 62fdf1f143b41e24485cea50d1cbac27 -> 
  custom:video-codec-MediaFoundation-h265: 746d11721c4dcdbdad8f713fa42b33f4 -> 
  custom:video-decoder-ogg-theora: a1e56fd34408186e4bbccfd4996cb3dc -> 
  custom:framework-win-MediaFoundation: 216162199b28c13a410421893ffa2e32 -> 
  custom:CustomObjectIndexerAttribute: 756ad292c208cfabdd7b50bc23989ffe -> 
  custom:container-demuxer-webm: 4f35f7cbe854078d1ac9338744f61a02 -> 
  custom:container-muxer-webm: aa71ff27fc2769a1b78a27578f13a17b -> 
  custom:video-decoder-webm-vp8: 9c59270c3fd7afecdb556c50c9e8de78 -> 
  custom:AudioImporter_EditorPlatform: d09bf68614088b80899f8185d706f6e7 -> 
  custom:video-encoder-webm-vp8: eb34c28f22e8b96e1ab97ce403110664 -> 
  custom:audio-decoder-ogg-vorbis: bf7c407c2cedff20999df2af8eb42d56 -> 
  custom:audio-encoder-webm-vorbis: bf7c407c2cedff20999df2af8eb42d56 -> 
========================================================================
Received Import Request.
  Time since last request: 83.314305 seconds.
  path: Assets
  artifactKey: Guid(00000000000000001000000000000000) Importer(815301076,1909f56bfc062723c751e8b465ee728b)
Start importing Assets using Guid(00000000000000001000000000000000) Importer(815301076,1909f56bfc062723c751e8b465ee728b)  -> (artifact id: '8a4fe85251aa2e89732c359432baa2c3') in 0.002087 seconds
Number of updated asset objects reloaded before import = 0
Number of asset objects unloaded after import = 0
========================================================================
Received Import Request.
  Time since last request: 26.102739 seconds.
  path: Assets/New Material.mat
  artifactKey: Guid(c4ede1c6b39bbf94fa8e541b2a4f9f03) Importer(815301076,1909f56bfc062723c751e8b465ee728b)
Start importing Assets/New Material.mat using Guid(c4ede1c6b39bbf94fa8e541b2a4f9f03) Importer(815301076,1909f56bfc062723c751e8b465ee728b)  -> (artifact id: '1573c84956397101be2b56b355e6837b') in 0.202056 seconds
Number of updated asset objects reloaded before import = 0
Number of asset objects unloaded after import = 1
========================================================================
Received Import Request.
  Time since last request: 325.376446 seconds.
  path: Assets/New Material.mat
  artifactKey: Guid(c4ede1c6b39bbf94fa8e541b2a4f9f03) Importer(815301076,1909f56bfc062723c751e8b465ee728b)
Start importing Assets/New Material.mat using Guid(c4ede1c6b39bbf94fa8e541b2a4f9f03) Importer(815301076,1909f56bfc062723c751e8b465ee728b)  -> (artifact id: '531538ce2aad9b63bb2ecf61119dc723') in 0.017590 seconds
Number of updated asset objects reloaded before import = 0
Number of asset objects unloaded after import = 1
========================================================================
Received Import Request.
  Time since last request: 12.373917 seconds.
  path: Assets/Low Poly Furniture/Models
  artifactKey: Guid(f16ed09c01e01304abde799227876625) Importer(815301076,1909f56bfc062723c751e8b465ee728b)
Start importing Assets/Low Poly Furniture/Models using Guid(f16ed09c01e01304abde799227876625) Importer(815301076,1909f56bfc062723c751e8b465ee728b)  -> (artifact id: 'f737ccab724a6a761f57dcb4821e31bb') in 0.000469 seconds
Number of updated asset objects reloaded before import = 0
Number of asset objects unloaded after import = 0
========================================================================
Received Import Request.
  Time since last request: 0.075131 seconds.
  path: Assets/Low Poly Furniture/Models/Armchair.fbx
  artifactKey: Guid(8ec0b51daaffc83479e7c8ea5ad3ffba) Importer(815301076,1909f56bfc062723c751e8b465ee728b)
Start importing Assets/Low Poly Furniture/Models/Armchair.fbx using Guid(8ec0b51daaffc83479e7c8ea5ad3ffba) Importer(815301076,1909f56bfc062723c751e8b465ee728b)  -> (artifact id: '0d17afccf20e12157b6d8d4fe428a954') in 0.064286 seconds
Number of updated asset objects reloaded before import = 0
Number of asset objects unloaded after import = 9
========================================================================
Received Import Request.
  Time since last request: 0.000022 seconds.
  path: Assets/Low Poly Furniture/Models/Old Keyboard.fbx
  artifactKey: Guid(2eeece6b09550364fb45b8217b6ab93d) Importer(815301076,1909f56bfc062723c751e8b465ee728b)
Start importing Assets/Low Poly Furniture/Models/Old Keyboard.fbx using Guid(2eeece6b09550364fb45b8217b6ab93d) Importer(815301076,1909f56bfc062723c751e8b465ee728b)  -> (artifact id: 'e358bc5e983f492a879301e04663c1d7') in 0.031388 seconds
Number of updated asset objects reloaded before import = 0
Number of asset objects unloaded after import = 9
========================================================================
Received Import Request.
  Time since last request: 0.000021 seconds.
  path: Assets/Low Poly Furniture/Models/Cylinder Lamp.fbx
  artifactKey: Guid(463d37cb9531858459b89a23f7121366) Importer(815301076,1909f56bfc062723c751e8b465ee728b)
Start importing Assets/Low Poly Furniture/Models/Cylinder Lamp.fbx using Guid(463d37cb9531858459b89a23f7121366) Importer(815301076,1909f56bfc062723c751e8b465ee728b)  -> (artifact id: 'e0e63c38efa314c86e1d3d09837c7e92') in 0.028182 seconds
Number of updated asset objects reloaded before import = 0
Number of asset objects unloaded after import = 9
========================================================================
Received Import Request.
  Time since last request: 0.000028 seconds.
  path: Assets/Low Poly Furniture/Models/L-Shaped Couch.fbx
  artifactKey: Guid(c63715b0b8bef004a95d82d55cc527c7) Importer(815301076,1909f56bfc062723c751e8b465ee728b)
Start importing Assets/Low Poly Furniture/Models/L-Shaped Couch.fbx using Guid(c63715b0b8bef004a95d82d55cc527c7) Importer(815301076,1909f56bfc062723c751e8b465ee728b)  -> (artifact id: '1b2fc186bf3d71c7edca210a7ba410bc') in 0.031076 seconds
Number of updated asset objects reloaded before import = 0
Number of asset objects unloaded after import = 9
========================================================================
Received Import Request.
  Time since last request: 0.000034 seconds.
  path: Assets/Low Poly Furniture/Models/Double Bed.fbx
  artifactKey: Guid(e81c5345af796424b8bed30fdfaa6b09) Importer(815301076,1909f56bfc062723c751e8b465ee728b)
Start importing Assets/Low Poly Furniture/Models/Double Bed.fbx using Guid(e81c5345af796424b8bed30fdfaa6b09) Importer(815301076,1909f56bfc062723c751e8b465ee728b)  -> (artifact id: '4d978f4ab4c228221c3c08504e6ea447') in 0.059231 seconds
Number of updated asset objects reloaded before import = 0
Number of asset objects unloaded after import = 19
========================================================================
Received Import Request.
  Time since last request: 0.000021 seconds.
  path: Assets/Low Poly Furniture/Models/Pink Vase.fbx
  artifactKey: Guid(c6559dc7184f6844ba0fde53236e97e6) Importer(815301076,1909f56bfc062723c751e8b465ee728b)
Start importing Assets/Low Poly Furniture/Models/Pink Vase.fbx using Guid(c6559dc7184f6844ba0fde53236e97e6) Importer(815301076,1909f56bfc062723c751e8b465ee728b)  -> (artifact id: '5abd0494318bc6028ca0df89f90657bf') in 0.034778 seconds
Number of updated asset objects reloaded before import = 0
Number of asset objects unloaded after import = 9
========================================================================
Received Import Request.
  Time since last request: 0.000024 seconds.
  path: Assets/Low Poly Furniture/Models/Small Mouse.fbx
  artifactKey: Guid(d74a36366eeaa9345a1658de0de381af) Importer(815301076,1909f56bfc062723c751e8b465ee728b)
Start importing Assets/Low Poly Furniture/Models/Small Mouse.fbx using Guid(d74a36366eeaa9345a1658de0de381af) Importer(815301076,1909f56bfc062723c751e8b465ee728b)  -> (artifact id: '28ce9b9399cff046df38b8f3d518378c') in 0.034982 seconds
Number of updated asset objects reloaded before import = 0
Number of asset objects unloaded after import = 9
========================================================================
Received Import Request.
  Time since last request: 0.000022 seconds.
  path: Assets/Low Poly Furniture/Models/Green Plant.fbx
  artifactKey: Guid(f150b4c37a4c40047a9633b96429c219) Importer(815301076,1909f56bfc062723c751e8b465ee728b)
Start importing Assets/Low Poly Furniture/Models/Green Plant.fbx using Guid(f150b4c37a4c40047a9633b96429c219) Importer(815301076,1909f56bfc062723c751e8b465ee728b)  -> (artifact id: '84df9d155ae8ae362dfb1de05dbaf304') in 0.042506 seconds
Number of updated asset objects reloaded before import = 0
Number of asset objects unloaded after import = 9
========================================================================
Received Import Request.
  Time since last request: 0.000042 seconds.
  path: Assets/Low Poly Furniture/Models/Standart Bookshelf.fbx
  artifactKey: Guid(de28c4b7898423c439068dd7f02263cb) Importer(815301076,1909f56bfc062723c751e8b465ee728b)
Start importing Assets/Low Poly Furniture/Models/Standart Bookshelf.fbx using Guid(de28c4b7898423c439068dd7f02263cb) Importer(815301076,1909f56bfc062723c751e8b465ee728b)  -> (artifact id: 'caa7e88c4dbc726ff907ee3fbea5fd8c') in 0.025019 seconds
Number of updated asset objects reloaded before import = 0
Number of asset objects unloaded after import = 9
========================================================================
Received Import Request.
  Time since last request: 0.000022 seconds.
  path: Assets/Low Poly Furniture/Models/Gaming Keyboard.fbx
  artifactKey: Guid(a06b162f44b643c4d9c840b2c07435f1) Importer(815301076,1909f56bfc062723c751e8b465ee728b)
Start importing Assets/Low Poly Furniture/Models/Gaming Keyboard.fbx using Guid(a06b162f44b643c4d9c840b2c07435f1) Importer(815301076,1909f56bfc062723c751e8b465ee728b)  -> (artifact id: '203b299acf551ea6198780af2b2fd12b') in 0.024229 seconds
Number of updated asset objects reloaded before import = 0
Number of asset objects unloaded after import = 9
========================================================================
Received Import Request.
  Time since last request: 0.000026 seconds.
  path: Assets/Low Poly Furniture/Models/Seedling.fbx
  artifactKey: Guid(b2b7476788d729b49b2e7f709f686d65) Importer(815301076,1909f56bfc062723c751e8b465ee728b)
Start importing Assets/Low Poly Furniture/Models/Seedling.fbx using Guid(b2b7476788d729b49b2e7f709f686d65) Importer(815301076,1909f56bfc062723c751e8b465ee728b)  -> (artifact id: '2ae90c603572da6c559057ec84b40ab3') in 0.022459 seconds
Number of updated asset objects reloaded before import = 0
Number of asset objects unloaded after import = 9
========================================================================
Received Import Request.
  Time since last request: 0.000029 seconds.
  path: Assets/Low Poly Furniture/Models/Gaming Screen.fbx
  artifactKey: Guid(61d2840a32922d642b60bd582e7d4554) Importer(815301076,1909f56bfc062723c751e8b465ee728b)
Start importing Assets/Low Poly Furniture/Models/Gaming Screen.fbx using Guid(61d2840a32922d642b60bd582e7d4554) Importer(815301076,1909f56bfc062723c751e8b465ee728b)  -> (artifact id: '7f156140b4a8ee61db1212a1cf12e38f') in 0.024017 seconds
Number of updated asset objects reloaded before import = 0
Number of asset objects unloaded after import = 9
========================================================================
Received Import Request.
  Time since last request: 0.000033 seconds.
  path: Assets/Low Poly Furniture/Models/L-Shaped Desk.fbx
  artifactKey: Guid(c8dce477da05e754e8e912991abfd95f) Importer(815301076,1909f56bfc062723c751e8b465ee728b)
Start importing Assets/Low Poly Furniture/Models/L-Shaped Desk.fbx using Guid(c8dce477da05e754e8e912991abfd95f) Importer(815301076,1909f56bfc062723c751e8b465ee728b)  -> (artifact id: '6c279ede0cfbe2d7678d669ab227f7a0') in 0.024409 seconds
Number of updated asset objects reloaded before import = 0
Number of asset objects unloaded after import = 9
========================================================================
Received Import Request.
  Time since last request: 0.000020 seconds.
  path: Assets/Low Poly Furniture/Models/Green Book.fbx
  artifactKey: Guid(c15b7d73296b9054c8e17343a5c273c0) Importer(815301076,1909f56bfc062723c751e8b465ee728b)
Start importing Assets/Low Poly Furniture/Models/Green Book.fbx using Guid(c15b7d73296b9054c8e17343a5c273c0) Importer(815301076,1909f56bfc062723c751e8b465ee728b)  -> (artifact id: 'e9302e50f2142a435a081477efc3c93f') in 0.022705 seconds
Number of updated asset objects reloaded before import = 0
Number of asset objects unloaded after import = 9
========================================================================
Received Import Request.
  Time since last request: 0.000036 seconds.
  path: Assets/Low Poly Furniture/Models/Dark Case.fbx
  artifactKey: Guid(627c4ae26f127244e95c3bd0d160c879) Importer(815301076,1909f56bfc062723c751e8b465ee728b)
Start importing Assets/Low Poly Furniture/Models/Dark Case.fbx using Guid(627c4ae26f127244e95c3bd0d160c879) Importer(815301076,1909f56bfc062723c751e8b465ee728b)  -> (artifact id: '1db255e92b2f53011654ae8f2dc985d2') in 0.023425 seconds
Number of updated asset objects reloaded before import = 0
Number of asset objects unloaded after import = 9
========================================================================
Received Import Request.
  Time since last request: 0.000023 seconds.
  path: Assets/Low Poly Furniture/Models/Laptop.fbx
  artifactKey: Guid(d8ea38793a6bd104aa20d7dc912caba7) Importer(815301076,1909f56bfc062723c751e8b465ee728b)
Start importing Assets/Low Poly Furniture/Models/Laptop.fbx using Guid(d8ea38793a6bd104aa20d7dc912caba7) Importer(815301076,1909f56bfc062723c751e8b465ee728b)  -> (artifact id: '3f5b91ba5804b5a5e0381e89620fff7d') in 0.023983 seconds
Number of updated asset objects reloaded before import = 0
Number of asset objects unloaded after import = 9
========================================================================
Received Import Request.
  Time since last request: 0.000027 seconds.
  path: Assets/Low Poly Furniture/Models/Round Table.fbx
  artifactKey: Guid(d05534f74c8b1aa48b2446d3f0d60245) Importer(815301076,1909f56bfc062723c751e8b465ee728b)
Start importing Assets/Low Poly Furniture/Models/Round Table.fbx using Guid(d05534f74c8b1aa48b2446d3f0d60245) Importer(815301076,1909f56bfc062723c751e8b465ee728b)  -> (artifact id: '23ae883759923c2b82894d960352a10f') in 0.024430 seconds
Number of updated asset objects reloaded before import = 0
Number of asset objects unloaded after import = 9
========================================================================
Received Import Request.
  Time since last request: 0.000025 seconds.
  path: Assets/Low Poly Furniture/Models/Old Screen.fbx
  artifactKey: Guid(e4cc1467e2788fa4cac37f127450157c) Importer(815301076,1909f56bfc062723c751e8b465ee728b)
Start importing Assets/Low Poly Furniture/Models/Old Screen.fbx using Guid(e4cc1467e2788fa4cac37f127450157c) Importer(815301076,1909f56bfc062723c751e8b465ee728b)  -> (artifact id: '134b7a4a580787bd6c69cb720091eb6c') in 0.022566 seconds
Number of updated asset objects reloaded before import = 0
Number of asset objects unloaded after import = 9
========================================================================
Received Import Request.
  Time since last request: 0.000024 seconds.
  path: Assets/Low Poly Furniture/Models/Short Nightstand.fbx
  artifactKey: Guid(0e67f4f822790f44d8fec74f48e045af) Importer(815301076,1909f56bfc062723c751e8b465ee728b)
Start importing Assets/Low Poly Furniture/Models/Short Nightstand.fbx using Guid(0e67f4f822790f44d8fec74f48e045af) Importer(815301076,1909f56bfc062723c751e8b465ee728b)  -> (artifact id: 'b66e75d102f1760c72f97ff5f2e12a2e') in 0.023181 seconds
Number of updated asset objects reloaded before import = 0
Number of asset objects unloaded after import = 9
========================================================================
Received Import Request.
  Time since last request: 0.000020 seconds.
  path: Assets/Low Poly Furniture/Models/Lamp.fbx
  artifactKey: Guid(ec528ebcec49801448f0e686818cdeff) Importer(815301076,1909f56bfc062723c751e8b465ee728b)
Start importing Assets/Low Poly Furniture/Models/Lamp.fbx using Guid(ec528ebcec49801448f0e686818cdeff) Importer(815301076,1909f56bfc062723c751e8b465ee728b)  -> (artifact id: '11f55733f1688d8356bd3e942111ee07') in 0.022580 seconds
Number of updated asset objects reloaded before import = 0
Number of asset objects unloaded after import = 9
========================================================================
Received Import Request.
  Time since last request: 15.060282 seconds.
  path: Assets/Low Poly Furniture/Models/Standart Wardrobe.fbx
  artifactKey: Guid(67f26b897a8659d4882a7294baadc9c9) Importer(815301076,1909f56bfc062723c751e8b465ee728b)
Start importing Assets/Low Poly Furniture/Models/Standart Wardrobe.fbx using Guid(67f26b897a8659d4882a7294baadc9c9) Importer(815301076,1909f56bfc062723c751e8b465ee728b)  -> (artifact id: 'c11308827eda0d5ffbc1eb19f01d3446') in 0.025630 seconds
Number of updated asset objects reloaded before import = 0
Number of asset objects unloaded after import = 9
========================================================================
Received Import Request.
  Time since last request: 0.000023 seconds.
  path: Assets/Low Poly Furniture/Models/Yellow Book.fbx
  artifactKey: Guid(bb35e30754ded1b458a77799176309ad) Importer(815301076,1909f56bfc062723c751e8b465ee728b)
Start importing Assets/Low Poly Furniture/Models/Yellow Book.fbx using Guid(bb35e30754ded1b458a77799176309ad) Importer(815301076,1909f56bfc062723c751e8b465ee728b)  -> (artifact id: '635740a585d397950f6b4d34c39becf4') in 0.022883 seconds
Number of updated asset objects reloaded before import = 0
Number of asset objects unloaded after import = 9
========================================================================
Received Import Request.
  Time since last request: 0.000021 seconds.
  path: Assets/Low Poly Furniture/Models/Thin Chair.fbx
  artifactKey: Guid(78ade105789c1114f91e52abcdd9f12b) Importer(815301076,1909f56bfc062723c751e8b465ee728b)
Start importing Assets/Low Poly Furniture/Models/Thin Chair.fbx using Guid(78ade105789c1114f91e52abcdd9f12b) Importer(815301076,1909f56bfc062723c751e8b465ee728b)  -> (artifact id: 'bfd81d12587ab00dc80605ecf2c45dbc') in 0.022972 seconds
Number of updated asset objects reloaded before import = 0
Number of asset objects unloaded after import = 9
========================================================================
Received Import Request.
  Time since last request: 0.000026 seconds.
  path: Assets/Low Poly Furniture/Models/Wall Bookshelf Small.fbx
  artifactKey: Guid(4ac0c85b05ac2a649a6ac847d089c80c) Importer(815301076,1909f56bfc062723c751e8b465ee728b)
Start importing Assets/Low Poly Furniture/Models/Wall Bookshelf Small.fbx using Guid(4ac0c85b05ac2a649a6ac847d089c80c) Importer(815301076,1909f56bfc062723c751e8b465ee728b)  -> (artifact id: 'a3ac87c4378944ab133333d08521c2f0') in 0.026685 seconds
Number of updated asset objects reloaded before import = 0
Number of asset objects unloaded after import = 9
========================================================================
Received Import Request.
  Time since last request: 0.000017 seconds.
  path: Assets/Low Poly Furniture/Models/Vaselamp.fbx
  artifactKey: Guid(2c4eec42cfc85c749be391e82aceb875) Importer(815301076,1909f56bfc062723c751e8b465ee728b)
Start importing Assets/Low Poly Furniture/Models/Vaselamp.fbx using Guid(2c4eec42cfc85c749be391e82aceb875) Importer(815301076,1909f56bfc062723c751e8b465ee728b)  -> (artifact id: '2146b35c2dbd0c4cead7a9dc86cab4bc') in 0.025417 seconds
Number of updated asset objects reloaded before import = 0
Number of asset objects unloaded after import = 9
========================================================================
Received Prepare
Refreshing native plugins compatible for Editor in 4.04 ms, found 3 plugins.
Preloading 0 native plugins for Editor in 0.00 ms.
Unloading 0 Unused Serialized files (Serialized files now loaded: 0)
Unloading 1 unused Assets / (0.9 KB). Loaded Objects now: 3674.
Memory consumption went from 73.8 MB to 73.8 MB.
Total: 3.311400 ms (FindLiveObjects: 0.251400 ms CreateObjectMapping: 0.082600 ms MarkObjects: 2.956400 ms  DeleteObjects: 0.019700 ms)

Prepare: number of updated asset objects reloaded= 0
AssetImportParameters requested are different than current active one (requested -> active):
  custom:container-demuxer-ogg: 62fdf1f143b41e24485cea50d1cbac27 -> 
  custom:video-codec-MediaFoundation-h265: 746d11721c4dcdbdad8f713fa42b33f4 -> 
  custom:video-decoder-ogg-theora: a1e56fd34408186e4bbccfd4996cb3dc -> 
  custom:framework-win-MediaFoundation: 216162199b28c13a410421893ffa2e32 -> 
  custom:CustomObjectIndexerAttribute: 756ad292c208cfabdd7b50bc23989ffe -> 
  custom:container-demuxer-webm: 4f35f7cbe854078d1ac9338744f61a02 -> 
  custom:container-muxer-webm: aa71ff27fc2769a1b78a27578f13a17b -> 
  custom:video-decoder-webm-vp8: 9c59270c3fd7afecdb556c50c9e8de78 -> 
  custom:SearchIndexIgnoredProperties: e643bd26f0fe6173181afceb89e7c659 -> 
  custom:AudioImporter_EditorPlatform: d09bf68614088b80899f8185d706f6e7 -> 
  custom:video-encoder-webm-vp8: eb34c28f22e8b96e1ab97ce403110664 -> 
  custom:audio-decoder-ogg-vorbis: bf7c407c2cedff20999df2af8eb42d56 -> 
  custom:audio-encoder-webm-vorbis: bf7c407c2cedff20999df2af8eb42d56 -> 
========================================================================
Received Import Request.
  Time since last request: 40.730674 seconds.
  path: Assets/Readme.asset
  artifactKey: Guid(7f2c382dc2c22446db59030979f6e495) Importer(2089858483,0ecaa5967403d082aa24f35e1b516d23)
Start importing Assets/Readme.asset using Guid(7f2c382dc2c22446db59030979f6e495) Importer(2089858483,0ecaa5967403d082aa24f35e1b516d23) Generated GUIDs only implemented for interfaces!
 -> (artifact id: '9643f43adb3ae401d051f41471817edb') in 0.108571 seconds
Number of updated asset objects reloaded before import = 0
Number of asset objects unloaded after import = 2
========================================================================
Received Import Request.
  Time since last request: 0.000019 seconds.
  path: Assets/Low Poly Furniture/Demos/Materials/Walls.mat
  artifactKey: Guid(055486753c9248e41bac09fe9f4cf7dd) Importer(2089858483,0ecaa5967403d082aa24f35e1b516d23)
Start importing Assets/Low Poly Furniture/Demos/Materials/Walls.mat using Guid(055486753c9248e41bac09fe9f4cf7dd) Importer(2089858483,0ecaa5967403d082aa24f35e1b516d23) Generated GUIDs only implemented for interfaces!
 -> (artifact id: '3a41d99d9dabd4247b6d4cc3a0b1d52d') in 0.021921 seconds
Number of updated asset objects reloaded before import = 0
Number of asset objects unloaded after import = 1
========================================================================
Received Import Request.
  Time since last request: 0.000028 seconds.
  path: Assets/Low Poly Furniture/Prefabs/Flower/Seedling.prefab
  artifactKey: Guid(0752231b4a9803e498faacc841f4fab6) Importer(2089858483,0ecaa5967403d082aa24f35e1b516d23)
Start importing Assets/Low Poly Furniture/Prefabs/Flower/Seedling.prefab using Guid(0752231b4a9803e498faacc841f4fab6) Importer(2089858483,0ecaa5967403d082aa24f35e1b516d23) Generated GUIDs only implemented for interfaces!
 -> (artifact id: 'ae0815a5e0d3098f575473b1ff20e769') in 0.024733 seconds
Number of updated asset objects reloaded before import = 0
Number of asset objects unloaded after import = 8
========================================================================
Received Import Request.
  Time since last request: 0.000016 seconds.
  path: Assets/Low Poly Furniture/Models/L-Shaped Bookshelf.fbx
  artifactKey: Guid(492df7511a68f19488494c654356defd) Importer(2089858483,0ecaa5967403d082aa24f35e1b516d23)
Start importing Assets/Low Poly Furniture/Models/L-Shaped Bookshelf.fbx using Guid(492df7511a68f19488494c654356defd) Importer(2089858483,0ecaa5967403d082aa24f35e1b516d23) Generated GUIDs only implemented for interfaces!
 -> (artifact id: '38dee589dafc3eb7d9ddffd3b15da9a2') in 0.040028 seconds
Number of updated asset objects reloaded before import = 0
Number of asset objects unloaded after import = 9
========================================================================
Received Import Request.
  Time since last request: 0.000024 seconds.
  path: Assets/Low Poly Furniture/Models/Gaming Screen.fbx
  artifactKey: Guid(61d2840a32922d642b60bd582e7d4554) Importer(2089858483,0ecaa5967403d082aa24f35e1b516d23)
Start importing Assets/Low Poly Furniture/Models/Gaming Screen.fbx using Guid(61d2840a32922d642b60bd582e7d4554) Importer(2089858483,0ecaa5967403d082aa24f35e1b516d23) Generated GUIDs only implemented for interfaces!
 -> (artifact id: '4ec2f05a3f9368a4449953c9a1f8b3b2') in 0.024989 seconds
Number of updated asset objects reloaded before import = 0
Number of asset objects unloaded after import = 9
========================================================================
Received Import Request.
  Time since last request: 0.000023 seconds.
  path: Assets/Low Poly Furniture/Prefabs/Bookshelf/Wall Bookshelf Large.prefab
  artifactKey: Guid(90128d4c28d314d438e6f628dae06392) Importer(2089858483,0ecaa5967403d082aa24f35e1b516d23)
Start importing Assets/Low Poly Furniture/Prefabs/Bookshelf/Wall Bookshelf Large.prefab using Guid(90128d4c28d314d438e6f628dae06392) Importer(2089858483,0ecaa5967403d082aa24f35e1b516d23) Generated GUIDs only implemented for interfaces!
 -> (artifact id: '92dd099bddce07e2ee99fa38b8974603') in 0.015074 seconds
Number of updated asset objects reloaded before import = 0
Number of asset objects unloaded after import = 8
========================================================================
Received Import Request.
  Time since last request: 0.000015 seconds.
  path: Assets/Low Poly Furniture/Prefabs/Screen/Gaming Screen.prefab
  artifactKey: Guid(72cea4de7aef0894c84d3b014858e185) Importer(2089858483,0ecaa5967403d082aa24f35e1b516d23)
Start importing Assets/Low Poly Furniture/Prefabs/Screen/Gaming Screen.prefab using Guid(72cea4de7aef0894c84d3b014858e185) Importer(2089858483,0ecaa5967403d082aa24f35e1b516d23) Generated GUIDs only implemented for interfaces!
 -> (artifact id: '1e809653d128c4746b537a2e9f955d01') in 0.018857 seconds
Number of updated asset objects reloaded before import = 0
Number of asset objects unloaded after import = 8
========================================================================
Received Import Request.
  Time since last request: 0.000017 seconds.
  path: Assets/Low Poly Furniture/Prefabs/Flower/Blue Flower.prefab
  artifactKey: Guid(519d9508d15314641a87cd2f280cf85c) Importer(2089858483,0ecaa5967403d082aa24f35e1b516d23)
Start importing Assets/Low Poly Furniture/Prefabs/Flower/Blue Flower.prefab using Guid(519d9508d15314641a87cd2f280cf85c) Importer(2089858483,0ecaa5967403d082aa24f35e1b516d23) Generated GUIDs only implemented for interfaces!
 -> (artifact id: '8ffb702b25aa4878f4d0f6ac82029f45') in 0.017223 seconds
Number of updated asset objects reloaded before import = 0
Number of asset objects unloaded after import = 8
========================================================================
Received Import Request.
  Time since last request: 0.000018 seconds.
  path: Assets/Low Poly Furniture/Models/Rectangle Table.fbx
  artifactKey: Guid(36df2876932ca6b448b29d0333cec2ba) Importer(2089858483,0ecaa5967403d082aa24f35e1b516d23)
Start importing Assets/Low Poly Furniture/Models/Rectangle Table.fbx using Guid(36df2876932ca6b448b29d0333cec2ba) Importer(2089858483,0ecaa5967403d082aa24f35e1b516d23) Generated GUIDs only implemented for interfaces!
 -> (artifact id: '4fad177aabf1baee64e38cafc2f0b0fd') in 0.027844 seconds
Number of updated asset objects reloaded before import = 0
Number of asset objects unloaded after import = 9
========================================================================
Received Import Request.
  Time since last request: 0.000019 seconds.
  path: Assets/Low Poly Furniture/Models/Small Mouse.fbx
  artifactKey: Guid(d74a36366eeaa9345a1658de0de381af) Importer(2089858483,0ecaa5967403d082aa24f35e1b516d23)
Start importing Assets/Low Poly Furniture/Models/Small Mouse.fbx using Guid(d74a36366eeaa9345a1658de0de381af) Importer(2089858483,0ecaa5967403d082aa24f35e1b516d23) Generated GUIDs only implemented for interfaces!
 -> (artifact id: 'b3471105b640a488d85337e236df7848') in 0.024955 seconds
Number of updated asset objects reloaded before import = 0
Number of asset objects unloaded after import = 9
========================================================================
Received Import Request.
  Time since last request: 0.000018 seconds.
  path: Assets/Low Poly Furniture/Models/Standart Bookshelf.fbx
  artifactKey: Guid(de28c4b7898423c439068dd7f02263cb) Importer(2089858483,0ecaa5967403d082aa24f35e1b516d23)
Start importing Assets/Low Poly Furniture/Models/Standart Bookshelf.fbx using Guid(de28c4b7898423c439068dd7f02263cb) Importer(2089858483,0ecaa5967403d082aa24f35e1b516d23) Generated GUIDs only implemented for interfaces!
 -> (artifact id: 'fd429151d8d6777842d7b7fa27e943e0') in 0.027613 seconds
Number of updated asset objects reloaded before import = 0
Number of asset objects unloaded after import = 9
========================================================================
Received Import Request.
  Time since last request: 0.000023 seconds.
  path: Assets/Low Poly Furniture/Models/Twin Wardrobe.fbx
  artifactKey: Guid(2e478b462dd4cdd47ac83b5a69d74ec2) Importer(2089858483,0ecaa5967403d082aa24f35e1b516d23)
Start importing Assets/Low Poly Furniture/Models/Twin Wardrobe.fbx using Guid(2e478b462dd4cdd47ac83b5a69d74ec2) Importer(2089858483,0ecaa5967403d082aa24f35e1b516d23) Generated GUIDs only implemented for interfaces!
 -> (artifact id: '0a9b1eddb4cfbc9843bc095090d00056') in 0.028400 seconds
Number of updated asset objects reloaded before import = 0
Number of asset objects unloaded after import = 9
========================================================================
Received Import Request.
  Time since last request: 0.000037 seconds.
  path: Assets/Low Poly Furniture/Demos/Materials/Ground_DemoScene.mat
  artifactKey: Guid(4a110d44e0f47da4c8ee0e6793d330a5) Importer(2089858483,0ecaa5967403d082aa24f35e1b516d23)
Start importing Assets/Low Poly Furniture/Demos/Materials/Ground_DemoScene.mat using Guid(4a110d44e0f47da4c8ee0e6793d330a5) Importer(2089858483,0ecaa5967403d082aa24f35e1b516d23) Generated GUIDs only implemented for interfaces!
 -> (artifact id: '0dc6f11ab615da1b8ec4f305cdd4fe85') in 0.014245 seconds
Number of updated asset objects reloaded before import = 0
Number of asset objects unloaded after import = 1
========================================================================
Received Import Request.
  Time since last request: 0.000024 seconds.
  path: Assets/Low Poly Furniture/Textures/ty-shining-gems-24-32x.png
  artifactKey: Guid(d27af448751b9d3468d8fb5e928470fd) Importer(2089858483,0ecaa5967403d082aa24f35e1b516d23)
Start importing Assets/Low Poly Furniture/Textures/ty-shining-gems-24-32x.png using Guid(d27af448751b9d3468d8fb5e928470fd) Importer(2089858483,0ecaa5967403d082aa24f35e1b516d23) Generated GUIDs only implemented for interfaces!
 -> (artifact id: 'a1e139ebfaa1a50e313218dc00aee5b5') in 0.055190 seconds
Number of updated asset objects reloaded before import = 0
Number of asset objects unloaded after import = 1
========================================================================
Received Import Request.
  Time since last request: 0.000020 seconds.
  path: Assets/Low Poly Furniture/Models/Gaming Chair.fbx
  artifactKey: Guid(ddc350bb222a74a48b551b3a7f4f69ee) Importer(2089858483,0ecaa5967403d082aa24f35e1b516d23)
Start importing Assets/Low Poly Furniture/Models/Gaming Chair.fbx using Guid(ddc350bb222a74a48b551b3a7f4f69ee) Importer(2089858483,0ecaa5967403d082aa24f35e1b516d23) Generated GUIDs only implemented for interfaces!
 -> (artifact id: '1d0db3a649ac7d6912b36aae06f0ce55') in 0.025864 seconds
Number of updated asset objects reloaded before import = 0
Number of asset objects unloaded after import = 9
========================================================================
Received Import Request.
  Time since last request: 0.000019 seconds.
  path: Assets/Low Poly Furniture/Models/Blue Flower.fbx
  artifactKey: Guid(049261c380654ce41a3962a1e1c2d0b5) Importer(2089858483,0ecaa5967403d082aa24f35e1b516d23)
Start importing Assets/Low Poly Furniture/Models/Blue Flower.fbx using Guid(049261c380654ce41a3962a1e1c2d0b5) Importer(2089858483,0ecaa5967403d082aa24f35e1b516d23) Generated GUIDs only implemented for interfaces!
 -> (artifact id: 'c93e14f07e467aa2571133a5559b5003') in 0.025250 seconds
Number of updated asset objects reloaded before import = 0
Number of asset objects unloaded after import = 9
========================================================================
Received Import Request.
  Time since last request: 0.000019 seconds.
  path: Assets/Scenes/SampleScene.unity
  artifactKey: Guid(c850ee8c3b14cc8459e7e186857cf567) Importer(2089858483,0ecaa5967403d082aa24f35e1b516d23)
Start importing Assets/Scenes/SampleScene.unity using Guid(c850ee8c3b14cc8459e7e186857cf567) Importer(2089858483,0ecaa5967403d082aa24f35e1b516d23) Generated GUIDs only implemented for interfaces!
 -> (artifact id: 'a522cfe94eea453b5f13b674ab00fc78') in 0.013311 seconds
Number of updated asset objects reloaded before import = 0
Number of asset objects unloaded after import = 1
========================================================================
Received Import Request.
  Time since last request: 0.000016 seconds.
  path: Assets/Low Poly Furniture/Prefabs/Vase/Pink Vase.prefab
  artifactKey: Guid(b2f6d75dfcfd9154ca36c2fc7880137c) Importer(2089858483,0ecaa5967403d082aa24f35e1b516d23)
Start importing Assets/Low Poly Furniture/Prefabs/Vase/Pink Vase.prefab using Guid(b2f6d75dfcfd9154ca36c2fc7880137c) Importer(2089858483,0ecaa5967403d082aa24f35e1b516d23) Generated GUIDs only implemented for interfaces!
 -> (artifact id: '6c2239dbf77395bd517cb87e1fd79b7a') in 0.016844 seconds
Number of updated asset objects reloaded before import = 0
Number of asset objects unloaded after import = 8
========================================================================
Received Import Request.
  Time since last request: 0.000020 seconds.
  path: Assets/Low Poly Furniture/Prefabs/Table/Rectangle Table.prefab
  artifactKey: Guid(00e7c20b7ef3bcb49a714b8924a5524b) Importer(2089858483,0ecaa5967403d082aa24f35e1b516d23)
Start importing Assets/Low Poly Furniture/Prefabs/Table/Rectangle Table.prefab using Guid(00e7c20b7ef3bcb49a714b8924a5524b) Importer(2089858483,0ecaa5967403d082aa24f35e1b516d23) Generated GUIDs only implemented for interfaces!
 -> (artifact id: 'e2e1ffbd19c2a1c1ea590677a04cfcad') in 0.016712 seconds
Number of updated asset objects reloaded before import = 0
Number of asset objects unloaded after import = 8
========================================================================
Received Import Request.
  Time since last request: 0.000019 seconds.
  path: Assets/Low Poly Furniture/Prefabs/Lamp/Lamp.prefab
  artifactKey: Guid(3dec8914decffc747832ead31a1e1d0a) Importer(2089858483,0ecaa5967403d082aa24f35e1b516d23)
Start importing Assets/Low Poly Furniture/Prefabs/Lamp/Lamp.prefab using Guid(3dec8914decffc747832ead31a1e1d0a) Importer(2089858483,0ecaa5967403d082aa24f35e1b516d23) Generated GUIDs only implemented for interfaces!
 -> (artifact id: '5376d5c77b998cb398b0588c087e3303') in 0.017906 seconds
Number of updated asset objects reloaded before import = 0
Number of asset objects unloaded after import = 8
========================================================================
Received Import Request.
  Time since last request: 0.000021 seconds.
  path: Assets/Low Poly Furniture/Prefabs/Screen/Laptop.prefab
  artifactKey: Guid(89169722889f81e4eacf361fd33f5b8d) Importer(2089858483,0ecaa5967403d082aa24f35e1b516d23)
Start importing Assets/Low Poly Furniture/Prefabs/Screen/Laptop.prefab using Guid(89169722889f81e4eacf361fd33f5b8d) Importer(2089858483,0ecaa5967403d082aa24f35e1b516d23) Generated GUIDs only implemented for interfaces!
 -> (artifact id: '7886710205ae0f7df2cdfbfbeb919c44') in 0.019649 seconds
Number of updated asset objects reloaded before import = 0
Number of asset objects unloaded after import = 8
========================================================================
Received Import Request.
  Time since last request: 0.000068 seconds.
  path: Assets/Low Poly Furniture/Models/Triple Cactus.fbx
  artifactKey: Guid(3ea3d2a5bf18aa84284124fe246a65b1) Importer(2089858483,0ecaa5967403d082aa24f35e1b516d23)
Start importing Assets/Low Poly Furniture/Models/Triple Cactus.fbx using Guid(3ea3d2a5bf18aa84284124fe246a65b1) Importer(2089858483,0ecaa5967403d082aa24f35e1b516d23) Generated GUIDs only implemented for interfaces!
 -> (artifact id: '84973c8171ade9fc4dc6a096381f2948') in 0.031798 seconds
Number of updated asset objects reloaded before import = 0
Number of asset objects unloaded after import = 9
========================================================================
Received Import Request.
  Time since last request: 0.000020 seconds.
  path: Assets/Low Poly Furniture/Models/Standart Chair.fbx
  artifactKey: Guid(ac9176d8a9cecdc44a0e387e329ee31c) Importer(2089858483,0ecaa5967403d082aa24f35e1b516d23)
Start importing Assets/Low Poly Furniture/Models/Standart Chair.fbx using Guid(ac9176d8a9cecdc44a0e387e329ee31c) Importer(2089858483,0ecaa5967403d082aa24f35e1b516d23) Generated GUIDs only implemented for interfaces!
 -> (artifact id: '58140b445d8be76557d5a95bff552c55') in 0.026031 seconds
Number of updated asset objects reloaded before import = 0
Number of asset objects unloaded after import = 9
========================================================================
Received Import Request.
  Time since last request: 0.000020 seconds.
  path: Assets/Low Poly Furniture/Prefabs/Flower/Triple Cactus.prefab
  artifactKey: Guid(a8544713cc514154098de947da0bb241) Importer(2089858483,0ecaa5967403d082aa24f35e1b516d23)
Start importing Assets/Low Poly Furniture/Prefabs/Flower/Triple Cactus.prefab using Guid(a8544713cc514154098de947da0bb241) Importer(2089858483,0ecaa5967403d082aa24f35e1b516d23) Generated GUIDs only implemented for interfaces!
 -> (artifact id: '90fd692b4c1e9f33dc4fbcd4c21b9d9b') in 0.016421 seconds
Number of updated asset objects reloaded before import = 0
Number of asset objects unloaded after import = 8
========================================================================
Received Import Request.
  Time since last request: 0.000020 seconds.
  path: Assets/Low Poly Furniture/Demos/Demo_Assets/LightingData.asset
  artifactKey: Guid(9479bab2e6d2afb419b8615af4210ed7) Importer(2089858483,0ecaa5967403d082aa24f35e1b516d23)
Start importing Assets/Low Poly Furniture/Demos/Demo_Assets/LightingData.asset using Guid(9479bab2e6d2afb419b8615af4210ed7) Importer(2089858483,0ecaa5967403d082aa24f35e1b516d23) Generated GUIDs only implemented for interfaces!
 -> (artifact id: 'c9ea0216f258b77811fdbfe99dc22997') in 0.013401 seconds
Number of updated asset objects reloaded before import = 0
Number of asset objects unloaded after import = 1
========================================================================
Received Import Request.
  Time since last request: 0.000040 seconds.
  path: Assets/Low Poly Furniture/Prefabs/Case/Larger Case.prefab
  artifactKey: Guid(51a146c33418f27438d3ce21d7f9575d) Importer(2089858483,0ecaa5967403d082aa24f35e1b516d23)
Start importing Assets/Low Poly Furniture/Prefabs/Case/Larger Case.prefab using Guid(51a146c33418f27438d3ce21d7f9575d) Importer(2089858483,0ecaa5967403d082aa24f35e1b516d23) Generated GUIDs only implemented for interfaces!
 -> (artifact id: '42de91acf9cb1637c5a266c5ee3f71a9') in 0.017571 seconds
Number of updated asset objects reloaded before import = 0
Number of asset objects unloaded after import = 8
========================================================================
Received Import Request.
  Time since last request: 0.000021 seconds.
  path: Assets/Low Poly Furniture/Prefabs/Table/Table.prefab
  artifactKey: Guid(e8fdddcfe6bbce444aff1122997577f4) Importer(2089858483,0ecaa5967403d082aa24f35e1b516d23)
Start importing Assets/Low Poly Furniture/Prefabs/Table/Table.prefab using Guid(e8fdddcfe6bbce444aff1122997577f4) Importer(2089858483,0ecaa5967403d082aa24f35e1b516d23) Generated GUIDs only implemented for interfaces!
 -> (artifact id: 'aa832ef48bc8fd7f24346e5f43afd805') in 0.016495 seconds
Number of updated asset objects reloaded before import = 0
Number of asset objects unloaded after import = 8
========================================================================
Received Import Request.
  Time since last request: 0.000017 seconds.
  path: Assets/Low Poly Furniture/Models/Single Bed.fbx
  artifactKey: Guid(88bfcb4cfbf572c4090d7535fdd4fed5) Importer(2089858483,0ecaa5967403d082aa24f35e1b516d23)
Start importing Assets/Low Poly Furniture/Models/Single Bed.fbx using Guid(88bfcb4cfbf572c4090d7535fdd4fed5) Importer(2089858483,0ecaa5967403d082aa24f35e1b516d23) Generated GUIDs only implemented for interfaces!
 -> (artifact id: '715a54e2be5da44529b82f3cc55a64ab') in 0.027649 seconds
Number of updated asset objects reloaded before import = 0
Number of asset objects unloaded after import = 14
========================================================================
Received Import Request.
  Time since last request: 0.000018 seconds.
  path: Assets/TutorialInfo/Scripts/Readme.cs
  artifactKey: Guid(fcf7219bab7fe46a1ad266029b2fee19) Importer(2089858483,0ecaa5967403d082aa24f35e1b516d23)
Start importing Assets/TutorialInfo/Scripts/Readme.cs using Guid(fcf7219bab7fe46a1ad266029b2fee19) Importer(2089858483,0ecaa5967403d082aa24f35e1b516d23) Generated GUIDs only implemented for interfaces!
 -> (artifact id: 'c15ce4c1131107abec11c418c8c42844') in 0.013669 seconds
Number of updated asset objects reloaded before import = 0
Number of asset objects unloaded after import = 1
========================================================================
Received Import Request.
  Time since last request: 0.000032 seconds.
  path: Assets/Low Poly Furniture/Models/Armchair.fbx
  artifactKey: Guid(8ec0b51daaffc83479e7c8ea5ad3ffba) Importer(2089858483,0ecaa5967403d082aa24f35e1b516d23)
Start importing Assets/Low Poly Furniture/Models/Armchair.fbx using Guid(8ec0b51daaffc83479e7c8ea5ad3ffba) Importer(2089858483,0ecaa5967403d082aa24f35e1b516d23) Generated GUIDs only implemented for interfaces!
 -> (artifact id: '6b565a1bb6eca49f8eed92f8cac1d315') in 0.025521 seconds
Number of updated asset objects reloaded before import = 0
Number of asset objects unloaded after import = 9
========================================================================
Received Import Request.
  Time since last request: 0.000030 seconds.
  path: Assets/Low Poly Furniture/Models/Blue Book.fbx
  artifactKey: Guid(bc09309e8485efb4f988398655898bb6) Importer(2089858483,0ecaa5967403d082aa24f35e1b516d23)
Start importing Assets/Low Poly Furniture/Models/Blue Book.fbx using Guid(bc09309e8485efb4f988398655898bb6) Importer(2089858483,0ecaa5967403d082aa24f35e1b516d23) Generated GUIDs only implemented for interfaces!
 -> (artifact id: 'ae48314d36a23aa1b09c7fb8cf54bcbe') in 0.028732 seconds
Number of updated asset objects reloaded before import = 0
Number of asset objects unloaded after import = 9
========================================================================
Received Import Request.
  Time since last request: 0.000026 seconds.
  path: Assets/TutorialInfo/Icons/Mobile 3D.png
  artifactKey: Guid(cbea0258d69fdef4ba73fa582f0e2004) Importer(2089858483,0ecaa5967403d082aa24f35e1b516d23)
Start importing Assets/TutorialInfo/Icons/Mobile 3D.png using Guid(cbea0258d69fdef4ba73fa582f0e2004) Importer(2089858483,0ecaa5967403d082aa24f35e1b516d23) Generated GUIDs only implemented for interfaces!
 -> (artifact id: '094d6de39272337b6016ba42b5c52df6') in 0.025401 seconds
Number of updated asset objects reloaded before import = 0
Number of asset objects unloaded after import = 1
========================================================================
Received Import Request.
  Time since last request: 0.000035 seconds.
  path: Assets/Low Poly Furniture/Models/Larger Case.fbx
  artifactKey: Guid(663a9601d0ae2274a9c57ebba1b3cc31) Importer(2089858483,0ecaa5967403d082aa24f35e1b516d23)
Start importing Assets/Low Poly Furniture/Models/Larger Case.fbx using Guid(663a9601d0ae2274a9c57ebba1b3cc31) Importer(2089858483,0ecaa5967403d082aa24f35e1b516d23) Generated GUIDs only implemented for interfaces!
 -> (artifact id: 'f99730e5fa7a2f8b53120756b19fba17') in 0.024361 seconds
Number of updated asset objects reloaded before import = 0
Number of asset objects unloaded after import = 9
========================================================================
Received Import Request.
  Time since last request: 0.000022 seconds.
  path: Assets/Low Poly Furniture/Prefabs/Flower/Green Plant.prefab
  artifactKey: Guid(075d303e2713a5a4d9c21f5f934b45ea) Importer(2089858483,0ecaa5967403d082aa24f35e1b516d23)
Start importing Assets/Low Poly Furniture/Prefabs/Flower/Green Plant.prefab using Guid(075d303e2713a5a4d9c21f5f934b45ea) Importer(2089858483,0ecaa5967403d082aa24f35e1b516d23) Generated GUIDs only implemented for interfaces!
 -> (artifact id: '6ff09f6c882988118fbe65813f70f231') in 0.018677 seconds
Number of updated asset objects reloaded before import = 0
Number of asset objects unloaded after import = 8
========================================================================
Received Import Request.
  Time since last request: 0.000015 seconds.
  path: Assets/Low Poly Furniture/Models/Thin Chair.fbx
  artifactKey: Guid(78ade105789c1114f91e52abcdd9f12b) Importer(2089858483,0ecaa5967403d082aa24f35e1b516d23)
Start importing Assets/Low Poly Furniture/Models/Thin Chair.fbx using Guid(78ade105789c1114f91e52abcdd9f12b) Importer(2089858483,0ecaa5967403d082aa24f35e1b516d23) Generated GUIDs only implemented for interfaces!
 -> (artifact id: '6e3abfd0182e9207b8a0480ac41c0c71') in 0.025163 seconds
Number of updated asset objects reloaded before import = 0
Number of asset objects unloaded after import = 9
========================================================================
Received Import Request.
  Time since last request: 0.000021 seconds.
  path: Assets/Low Poly Furniture/Models/L-Shaped Desk.fbx
  artifactKey: Guid(c8dce477da05e754e8e912991abfd95f) Importer(2089858483,0ecaa5967403d082aa24f35e1b516d23)
Start importing Assets/Low Poly Furniture/Models/L-Shaped Desk.fbx using Guid(c8dce477da05e754e8e912991abfd95f) Importer(2089858483,0ecaa5967403d082aa24f35e1b516d23) Generated GUIDs only implemented for interfaces!
 -> (artifact id: '73e14d4dc39f3f2489cd8c998e64325c') in 0.026983 seconds
Number of updated asset objects reloaded before import = 0
Number of asset objects unloaded after import = 9
========================================================================
Received Import Request.
  Time since last request: 0.000018 seconds.
  path: Assets/Low Poly Furniture/Models/Lamp.fbx
  artifactKey: Guid(ec528ebcec49801448f0e686818cdeff) Importer(2089858483,0ecaa5967403d082aa24f35e1b516d23)
Start importing Assets/Low Poly Furniture/Models/Lamp.fbx using Guid(ec528ebcec49801448f0e686818cdeff) Importer(2089858483,0ecaa5967403d082aa24f35e1b516d23) Generated GUIDs only implemented for interfaces!
 -> (artifact id: 'd7f31ac14e4026a98785b32a1ec314e9') in 0.024358 seconds
Number of updated asset objects reloaded before import = 0
Number of asset objects unloaded after import = 9
========================================================================
Received Import Request.
  Time since last request: 789.043499 seconds.
  path: Assets/Low Poly Furniture/Prefabs/Chair/Gaming Chair.prefab
  artifactKey: Guid(67f2aad6c8f7dea47979d81797fe5da7) Importer(815301076,1909f56bfc062723c751e8b465ee728b)
Start importing Assets/Low Poly Furniture/Prefabs/Chair/Gaming Chair.prefab using Guid(67f2aad6c8f7dea47979d81797fe5da7) Importer(815301076,1909f56bfc062723c751e8b465ee728b)  -> (artifact id: '13ed8cc17fe2aedc0a7401ed94357491') in 0.025773 seconds
Number of updated asset objects reloaded before import = 0
Number of asset objects unloaded after import = 15
========================================================================
Received Import Request.
  Time since last request: 0.000022 seconds.
  path: Assets/Low Poly Furniture/Prefabs/Chair/Thin Chair.prefab
  artifactKey: Guid(3ca427402f0ef1347adc69f0ba78d0bf) Importer(815301076,1909f56bfc062723c751e8b465ee728b)
Start importing Assets/Low Poly Furniture/Prefabs/Chair/Thin Chair.prefab using Guid(3ca427402f0ef1347adc69f0ba78d0bf) Importer(815301076,1909f56bfc062723c751e8b465ee728b)  -> (artifact id: '11059be57b98020b13c141551efc23b1') in 0.021115 seconds
Number of updated asset objects reloaded before import = 0
Number of asset objects unloaded after import = 15
========================================================================
Received Import Request.
  Time since last request: 166.288831 seconds.
  path: Assets/Scenes/SampleScene
  artifactKey: Guid(16a04e7aef839924589237f769b22fc7) Importer(2089858483,0ecaa5967403d082aa24f35e1b516d23)
Start importing Assets/Scenes/SampleScene using Guid(16a04e7aef839924589237f769b22fc7) Importer(2089858483,0ecaa5967403d082aa24f35e1b516d23) Generated GUIDs only implemented for interfaces!
 -> (artifact id: 'bbd979131677d198ca3ea2b1b9927fc3') in 0.016048 seconds
Number of updated asset objects reloaded before import = 0
Number of asset objects unloaded after import = 1
========================================================================
Received Import Request.
  Time since last request: 0.000045 seconds.
  path: Assets/Scenes/SampleScene/LightingData.asset
  artifactKey: Guid(5828de57e18c0094ebfea7da5d8b21fb) Importer(2089858483,0ecaa5967403d082aa24f35e1b516d23)
Start importing Assets/Scenes/SampleScene/LightingData.asset using Guid(5828de57e18c0094ebfea7da5d8b21fb) Importer(2089858483,0ecaa5967403d082aa24f35e1b516d23) Generated GUIDs only implemented for interfaces!
 -> (artifact id: 'f2465d8a0909485237f9f567140814a6') in 0.014928 seconds
Number of updated asset objects reloaded before import = 0
Number of asset objects unloaded after import = 2
========================================================================
Received Import Request.
  Time since last request: 0.000156 seconds.
  path: Assets/Scenes/SampleScene/ReflectionProbe-0.exr
  artifactKey: Guid(ba755b288650d6143baebf9d708bb94b) Importer(2089858483,0ecaa5967403d082aa24f35e1b516d23)
Start importing Assets/Scenes/SampleScene/ReflectionProbe-0.exr using Guid(ba755b288650d6143baebf9d708bb94b) Importer(2089858483,0ecaa5967403d082aa24f35e1b516d23) Generated GUIDs only implemented for interfaces!
 -> (artifact id: 'cca15e9b273f6109c3f91cbd9cabaef9') in 0.031161 seconds
Number of updated asset objects reloaded before import = 0
Number of asset objects unloaded after import = 1
Editor requested this worker to shutdown with reason: Scaling down because of idle timeout
TcpMessagingSession - receive error: operation aborted. errorcode: 995, details: The I/O operation has been aborted because of either a thread exit or an application request.
AssetImportWorker is now disconnected from the server
Process exiting
Exiting without the bug reporter. Application will terminate with return code 0